<?xml version="1.0" encoding="UTF-8"?>
<!-- Generated by org.testng.reporters.JUnitXMLReporter -->
<testsuite ignored="5" hostname="DESKTOP-P66J0QB" failures="0" tests="103" name="Command line test" time="0.164" errors="0" timestamp="2024-11-23T14:38:29 ICT">
  <testcase classname="cinema.base.BaseSetup" name="@BeforeClass initializeTestBaseSetup" time="-1.732347509432E9">
    <failure type="org.testng.TestNGException" message="
Parameter &amp;apos;browserType&amp;apos; is required by BeforeClass on method initializeTestBaseSetup but has not been marked @Optional or defined
">
      <![CDATA[org.testng.TestNGException: 
Parameter 'browserType' is required by BeforeClass on method initializeTestBaseSetup but has not been marked @Optional or defined

at java.base/java.util.ArrayList.forEach(ArrayList.java:1597)
... Removed 30 stack frames]]>
    </failure>
  </testcase> <!-- @BeforeClass initializeTestBaseSetup -->
  <testcase classname="cinema.testcases.admin.CastTest" name="@BeforeClass setup" time="0.0">
    <skipped/>
  </testcase> <!-- @BeforeClass setup -->
  <testcase classname="cinema.testcases.admin.CastTest" name="@AfterClass closeBrowser" time="0.0">
    <skipped/>
  </testcase> <!-- @AfterClass closeBrowser -->
  <testcase classname="cinema.base.BaseSetup" name="@AfterClass tearDown" time="0.0">
    <skipped/>
  </testcase> <!-- @AfterClass tearDown -->
  <testcase classname="cinema.base.BaseSetup" name="@BeforeClass initializeTestBaseSetup" time="-1.732347509473E9">
    <failure type="org.testng.TestNGException" message="
Parameter &amp;apos;browserType&amp;apos; is required by BeforeClass on method initializeTestBaseSetup but has not been marked @Optional or defined
">
      <![CDATA[org.testng.TestNGException: 
Parameter 'browserType' is required by BeforeClass on method initializeTestBaseSetup but has not been marked @Optional or defined

at java.base/java.util.ArrayList.forEach(ArrayList.java:1597)
... Removed 30 stack frames]]>
    </failure>
  </testcase> <!-- @BeforeClass initializeTestBaseSetup -->
  <testcase classname="cinema.testcases.admin.CinemaTest" name="@BeforeClass setup" time="0.0">
    <skipped/>
  </testcase> <!-- @BeforeClass setup -->
  <testcase classname="cinema.testcases.admin.CinemaTest" name="@AfterClass closeBrowser" time="0.0">
    <skipped/>
  </testcase> <!-- @AfterClass closeBrowser -->
  <testcase classname="cinema.base.BaseSetup" name="@AfterClass tearDown" time="0.0">
    <skipped/>
  </testcase> <!-- @AfterClass tearDown -->
  <testcase classname="cinema.base.BaseSetup" name="@BeforeClass initializeTestBaseSetup" time="-1.732347509485E9">
    <failure type="org.testng.TestNGException" message="
Parameter &amp;apos;browserType&amp;apos; is required by BeforeClass on method initializeTestBaseSetup but has not been marked @Optional or defined
">
      <![CDATA[org.testng.TestNGException: 
Parameter 'browserType' is required by BeforeClass on method initializeTestBaseSetup but has not been marked @Optional or defined

at java.base/java.util.ArrayList.forEach(ArrayList.java:1597)
... Removed 30 stack frames]]>
    </failure>
  </testcase> <!-- @BeforeClass initializeTestBaseSetup -->
  <testcase classname="cinema.testcases.admin.ComboTest" name="@BeforeClass setup" time="0.0">
    <skipped/>
  </testcase> <!-- @BeforeClass setup -->
  <testcase classname="cinema.testcases.admin.ComboTest" name="@AfterClass closeBrowser" time="0.0">
    <skipped/>
  </testcase> <!-- @AfterClass closeBrowser -->
  <testcase classname="cinema.base.BaseSetup" name="@AfterClass tearDown" time="0.0">
    <skipped/>
  </testcase> <!-- @AfterClass tearDown -->
  <testcase classname="cinema.base.BaseSetup" name="@BeforeClass initializeTestBaseSetup" time="-1.732347509492E9">
    <failure type="org.testng.TestNGException" message="
Parameter &amp;apos;browserType&amp;apos; is required by BeforeClass on method initializeTestBaseSetup but has not been marked @Optional or defined
">
      <![CDATA[org.testng.TestNGException: 
Parameter 'browserType' is required by BeforeClass on method initializeTestBaseSetup but has not been marked @Optional or defined

at java.base/java.util.ArrayList.forEach(ArrayList.java:1597)
... Removed 30 stack frames]]>
    </failure>
  </testcase> <!-- @BeforeClass initializeTestBaseSetup -->
  <testcase classname="cinema.testcases.admin.CouponTest" name="@BeforeClass setup" time="0.0">
    <skipped/>
  </testcase> <!-- @BeforeClass setup -->
  <testcase classname="cinema.testcases.admin.CouponTest" name="@AfterClass closeBrowser" time="0.0">
    <skipped/>
  </testcase> <!-- @AfterClass closeBrowser -->
  <testcase classname="cinema.base.BaseSetup" name="@AfterClass tearDown" time="0.0">
    <skipped/>
  </testcase> <!-- @AfterClass tearDown -->
  <testcase classname="cinema.base.BaseSetup" name="@BeforeClass initializeTestBaseSetup" time="-1.7323475095E9">
    <failure type="org.testng.TestNGException" message="
Parameter &amp;apos;browserType&amp;apos; is required by BeforeClass on method initializeTestBaseSetup but has not been marked @Optional or defined
">
      <![CDATA[org.testng.TestNGException: 
Parameter 'browserType' is required by BeforeClass on method initializeTestBaseSetup but has not been marked @Optional or defined

at java.base/java.util.ArrayList.forEach(ArrayList.java:1597)
... Removed 30 stack frames]]>
    </failure>
  </testcase> <!-- @BeforeClass initializeTestBaseSetup -->
  <testcase classname="cinema.testcases.admin.DirectorTest" name="@BeforeClass setup" time="0.0">
    <skipped/>
  </testcase> <!-- @BeforeClass setup -->
  <testcase classname="cinema.testcases.admin.DirectorTest" name="@AfterClass closeBrowser" time="0.0">
    <skipped/>
  </testcase> <!-- @AfterClass closeBrowser -->
  <testcase classname="cinema.base.BaseSetup" name="@AfterClass tearDown" time="0.0">
    <skipped/>
  </testcase> <!-- @AfterClass tearDown -->
  <testcase classname="cinema.base.BaseSetup" name="@BeforeClass initializeTestBaseSetup" time="-1.732347509505E9">
    <failure type="org.testng.TestNGException" message="
Parameter &amp;apos;browserType&amp;apos; is required by BeforeClass on method initializeTestBaseSetup but has not been marked @Optional or defined
">
      <![CDATA[org.testng.TestNGException: 
Parameter 'browserType' is required by BeforeClass on method initializeTestBaseSetup but has not been marked @Optional or defined

at java.base/java.util.ArrayList.forEach(ArrayList.java:1597)
... Removed 30 stack frames]]>
    </failure>
  </testcase> <!-- @BeforeClass initializeTestBaseSetup -->
  <testcase classname="cinema.testcases.admin.GenreTest" name="@BeforeClass setup" time="0.0">
    <skipped/>
  </testcase> <!-- @BeforeClass setup -->
  <testcase classname="cinema.testcases.admin.GenreTest" name="@AfterClass closeBrowser" time="0.0">
    <skipped/>
  </testcase> <!-- @AfterClass closeBrowser -->
  <testcase classname="cinema.base.BaseSetup" name="@AfterClass tearDown" time="0.0">
    <skipped/>
  </testcase> <!-- @AfterClass tearDown -->
  <testcase classname="cinema.base.BaseSetup" name="@BeforeClass initializeTestBaseSetup" time="-1.732347509511E9">
    <failure type="org.testng.TestNGException" message="
Parameter &amp;apos;browserType&amp;apos; is required by BeforeClass on method initializeTestBaseSetup but has not been marked @Optional or defined
">
      <![CDATA[org.testng.TestNGException: 
Parameter 'browserType' is required by BeforeClass on method initializeTestBaseSetup but has not been marked @Optional or defined

at java.base/java.util.ArrayList.forEach(ArrayList.java:1597)
... Removed 30 stack frames]]>
    </failure>
  </testcase> <!-- @BeforeClass initializeTestBaseSetup -->
  <testcase classname="cinema.testcases.admin.LogInAdminTest" name="@BeforeClass setup" time="0.0">
    <skipped/>
  </testcase> <!-- @BeforeClass setup -->
  <testcase classname="cinema.testcases.admin.LogInAdminTest" name="@AfterClass closeBrowser" time="0.0">
    <skipped/>
  </testcase> <!-- @AfterClass closeBrowser -->
  <testcase classname="cinema.base.BaseSetup" name="@AfterClass tearDown" time="0.0">
    <skipped/>
  </testcase> <!-- @AfterClass tearDown -->
  <testcase classname="cinema.base.BaseSetup" name="@BeforeClass initializeTestBaseSetup" time="-1.732347509517E9">
    <failure type="org.testng.TestNGException" message="
Parameter &amp;apos;browserType&amp;apos; is required by BeforeClass on method initializeTestBaseSetup but has not been marked @Optional or defined
">
      <![CDATA[org.testng.TestNGException: 
Parameter 'browserType' is required by BeforeClass on method initializeTestBaseSetup but has not been marked @Optional or defined

at java.base/java.util.ArrayList.forEach(ArrayList.java:1597)
... Removed 30 stack frames]]>
    </failure>
  </testcase> <!-- @BeforeClass initializeTestBaseSetup -->
  <testcase classname="cinema.testcases.admin.MovieTest" name="@BeforeClass setup" time="0.0">
    <skipped/>
  </testcase> <!-- @BeforeClass setup -->
  <testcase classname="cinema.testcases.admin.MovieTest" name="@AfterClass closeBrowser" time="0.0">
    <skipped/>
  </testcase> <!-- @AfterClass closeBrowser -->
  <testcase classname="cinema.base.BaseSetup" name="@AfterClass tearDown" time="0.0">
    <skipped/>
  </testcase> <!-- @AfterClass tearDown -->
  <testcase classname="cinema.base.BaseSetup" name="@BeforeClass initializeTestBaseSetup" time="-1.732347509522E9">
    <failure type="org.testng.TestNGException" message="
Parameter &amp;apos;browserType&amp;apos; is required by BeforeClass on method initializeTestBaseSetup but has not been marked @Optional or defined
">
      <![CDATA[org.testng.TestNGException: 
Parameter 'browserType' is required by BeforeClass on method initializeTestBaseSetup but has not been marked @Optional or defined

at java.base/java.util.ArrayList.forEach(ArrayList.java:1597)
... Removed 30 stack frames]]>
    </failure>
  </testcase> <!-- @BeforeClass initializeTestBaseSetup -->
  <testcase classname="cinema.testcases.admin.NewsTest" name="@BeforeClass setup" time="0.0">
    <skipped/>
  </testcase> <!-- @BeforeClass setup -->
  <testcase classname="cinema.testcases.admin.NewsTest" name="@AfterClass closeBrowser" time="0.0">
    <skipped/>
  </testcase> <!-- @AfterClass closeBrowser -->
  <testcase classname="cinema.base.BaseSetup" name="@AfterClass tearDown" time="0.0">
    <skipped/>
  </testcase> <!-- @AfterClass tearDown -->
  <testcase classname="cinema.base.BaseSetup" name="@BeforeClass initializeTestBaseSetup" time="-1.732347509528E9">
    <failure type="org.testng.TestNGException" message="
Parameter &amp;apos;browserType&amp;apos; is required by BeforeClass on method initializeTestBaseSetup but has not been marked @Optional or defined
">
      <![CDATA[org.testng.TestNGException: 
Parameter 'browserType' is required by BeforeClass on method initializeTestBaseSetup but has not been marked @Optional or defined

at java.base/java.util.ArrayList.forEach(ArrayList.java:1597)
... Removed 30 stack frames]]>
    </failure>
  </testcase> <!-- @BeforeClass initializeTestBaseSetup -->
  <testcase classname="cinema.testcases.admin.RegionTest" name="@BeforeClass setup" time="0.0">
    <skipped/>
  </testcase> <!-- @BeforeClass setup -->
  <testcase classname="cinema.testcases.admin.RegionTest" name="@AfterClass closeBrowser" time="0.0">
    <skipped/>
  </testcase> <!-- @AfterClass closeBrowser -->
  <testcase classname="cinema.base.BaseSetup" name="@AfterClass tearDown" time="0.0">
    <skipped/>
  </testcase> <!-- @AfterClass tearDown -->
  <testcase classname="cinema.base.BaseSetup" name="@BeforeClass initializeTestBaseSetup" time="-1.732347509535E9">
    <failure type="org.testng.TestNGException" message="
Parameter &amp;apos;browserType&amp;apos; is required by BeforeClass on method initializeTestBaseSetup but has not been marked @Optional or defined
">
      <![CDATA[org.testng.TestNGException: 
Parameter 'browserType' is required by BeforeClass on method initializeTestBaseSetup but has not been marked @Optional or defined

at java.base/java.util.ArrayList.forEach(ArrayList.java:1597)
... Removed 30 stack frames]]>
    </failure>
  </testcase> <!-- @BeforeClass initializeTestBaseSetup -->
  <testcase classname="cinema.testcases.admin.ScreenTest" name="@BeforeClass setup" time="0.0">
    <skipped/>
  </testcase> <!-- @BeforeClass setup -->
  <testcase classname="cinema.testcases.admin.ScreenTest" name="@AfterClass closeBrowser" time="0.0">
    <skipped/>
  </testcase> <!-- @AfterClass closeBrowser -->
  <testcase classname="cinema.base.BaseSetup" name="@AfterClass tearDown" time="0.0">
    <skipped/>
  </testcase> <!-- @AfterClass tearDown -->
  <testcase classname="cinema.base.BaseSetup" name="@BeforeClass initializeTestBaseSetup" time="-1.732347509541E9">
    <failure type="org.testng.TestNGException" message="
Parameter &amp;apos;browserType&amp;apos; is required by BeforeClass on method initializeTestBaseSetup but has not been marked @Optional or defined
">
      <![CDATA[org.testng.TestNGException: 
Parameter 'browserType' is required by BeforeClass on method initializeTestBaseSetup but has not been marked @Optional or defined

at java.base/java.util.ArrayList.forEach(ArrayList.java:1597)
... Removed 30 stack frames]]>
    </failure>
  </testcase> <!-- @BeforeClass initializeTestBaseSetup -->
  <testcase classname="cinema.testcases.admin.ShowTimeTest" name="@BeforeClass setup" time="0.0">
    <skipped/>
  </testcase> <!-- @BeforeClass setup -->
  <testcase classname="cinema.testcases.admin.ShowTimeTest" name="@AfterClass closeBrowser" time="0.0">
    <skipped/>
  </testcase> <!-- @AfterClass closeBrowser -->
  <testcase classname="cinema.base.BaseSetup" name="@AfterClass tearDown" time="0.0">
    <skipped/>
  </testcase> <!-- @AfterClass tearDown -->
  <testcase classname="cinema.base.BaseSetup" name="@BeforeClass initializeTestBaseSetup" time="-1.732347509549E9">
    <failure type="org.testng.TestNGException" message="
Parameter &amp;apos;browserType&amp;apos; is required by BeforeClass on method initializeTestBaseSetup but has not been marked @Optional or defined
">
      <![CDATA[org.testng.TestNGException: 
Parameter 'browserType' is required by BeforeClass on method initializeTestBaseSetup but has not been marked @Optional or defined

at java.base/java.util.ArrayList.forEach(ArrayList.java:1597)
... Removed 30 stack frames]]>
    </failure>
  </testcase> <!-- @BeforeClass initializeTestBaseSetup -->
  <testcase classname="cinema.testcases.admin.TicketPriceTest" name="@BeforeClass setup" time="0.0">
    <skipped/>
  </testcase> <!-- @BeforeClass setup -->
  <testcase classname="cinema.testcases.admin.TicketPriceTest" name="@AfterClass closeBrowser" time="0.0">
    <skipped/>
  </testcase> <!-- @AfterClass closeBrowser -->
  <testcase classname="cinema.base.BaseSetup" name="@AfterClass tearDown" time="0.0">
    <skipped/>
  </testcase> <!-- @AfterClass tearDown -->
  <testcase classname="cinema.base.BaseSetup" name="@BeforeClass initializeTestBaseSetup" time="-1.732347509556E9">
    <failure type="org.testng.TestNGException" message="
Parameter &amp;apos;browserType&amp;apos; is required by BeforeClass on method initializeTestBaseSetup but has not been marked @Optional or defined
">
      <![CDATA[org.testng.TestNGException: 
Parameter 'browserType' is required by BeforeClass on method initializeTestBaseSetup but has not been marked @Optional or defined

at java.base/java.util.ArrayList.forEach(ArrayList.java:1597)
... Removed 30 stack frames]]>
    </failure>
  </testcase> <!-- @BeforeClass initializeTestBaseSetup -->
  <testcase classname="cinema.testcases.admin.UserTest" name="@BeforeClass setup" time="0.0">
    <skipped/>
  </testcase> <!-- @BeforeClass setup -->
  <testcase classname="cinema.testcases.admin.UserTest" name="@AfterClass closeBrowser" time="0.0">
    <skipped/>
  </testcase> <!-- @AfterClass closeBrowser -->
  <testcase classname="cinema.base.BaseSetup" name="@AfterClass tearDown" time="0.0">
    <skipped/>
  </testcase> <!-- @AfterClass tearDown -->
  <testcase classname="cinema.testcases.admin.CastTest" name="LogInTest" time="0.0">
    <skipped/>
  </testcase> <!-- LogInTest -->
  <testcase classname="cinema.testcases.admin.CastTest" name="openCastPage" time="0.0">
    <skipped/>
  </testcase> <!-- openCastPage -->
  <testcase classname="cinema.testcases.admin.CastTest" name="addCastPage" time="0.0">
    <skipped/>
  </testcase> <!-- addCastPage -->
  <testcase classname="cinema.testcases.admin.CastTest" name="updateCastPage" time="0.0">
    <skipped/>
  </testcase> <!-- updateCastPage -->
  <testcase classname="cinema.testcases.admin.CastTest" name="deleteCastPage" time="0.0">
    <skipped/>
  </testcase> <!-- deleteCastPage -->
  <testcase classname="cinema.testcases.admin.CastTest" name="sortAndSearchTypeGenre" time="0.0">
    <skipped/>
  </testcase> <!-- sortAndSearchTypeGenre -->
  <testcase classname="cinema.testcases.admin.CastTest" name="addCastBlankNamePage" time="0.0">
    <skipped/>
  </testcase> <!-- addCastBlankNamePage -->
  <testcase classname="cinema.testcases.admin.CinemaTest" name="LogInTest" time="0.0">
    <skipped/>
  </testcase> <!-- LogInTest -->
  <testcase classname="cinema.testcases.admin.CinemaTest" name="openCinemaPage" time="0.0">
    <skipped/>
  </testcase> <!-- openCinemaPage -->
  <testcase classname="cinema.testcases.admin.CinemaTest" name="addCinemaPage" time="0.0">
    <skipped/>
  </testcase> <!-- addCinemaPage -->
  <testcase classname="cinema.testcases.admin.CinemaTest" name="updateCinemaPage" time="0.0">
    <skipped/>
  </testcase> <!-- updateCinemaPage -->
  <testcase classname="cinema.testcases.admin.CinemaTest" name="deleteCinemaPage" time="0.0">
    <skipped/>
  </testcase> <!-- deleteCinemaPage -->
  <testcase classname="cinema.testcases.admin.CinemaTest" name="sortAndSearchNameCinemaPage" time="0.0">
    <skipped/>
  </testcase> <!-- sortAndSearchNameCinemaPage -->
  <testcase classname="cinema.testcases.admin.CinemaTest" name="addCinemaBlankPage" time="0.0">
    <skipped/>
  </testcase> <!-- addCinemaBlankPage -->
  <testcase classname="cinema.testcases.admin.ComboTest" name="LogInTest" time="0.0">
    <skipped/>
  </testcase> <!-- LogInTest -->
  <testcase classname="cinema.testcases.admin.ComboTest" name="openComboPage" time="0.0">
    <skipped/>
  </testcase> <!-- openComboPage -->
  <testcase classname="cinema.testcases.admin.ComboTest" name="addComboPage" time="0.0">
    <skipped/>
  </testcase> <!-- addComboPage -->
  <testcase classname="cinema.testcases.admin.ComboTest" name="updateComboPage" time="0.0">
    <skipped/>
  </testcase> <!-- updateComboPage -->
  <testcase classname="cinema.testcases.admin.ComboTest" name="deleteComboPage" time="0.0">
    <skipped/>
  </testcase> <!-- deleteComboPage -->
  <testcase classname="cinema.testcases.admin.ComboTest" name="sortAndSearchNameComboPage" time="0.0">
    <skipped/>
  </testcase> <!-- sortAndSearchNameComboPage -->
  <testcase classname="cinema.testcases.admin.ComboTest" name="addBlankComboPage" time="0.0">
    <skipped/>
  </testcase> <!-- addBlankComboPage -->
  <testcase classname="cinema.testcases.admin.CouponTest" name="LogInTest" time="0.0">
    <skipped/>
  </testcase> <!-- LogInTest -->
  <testcase classname="cinema.testcases.admin.CouponTest" name="openCouponPage" time="0.0">
    <skipped/>
  </testcase> <!-- openCouponPage -->
  <testcase classname="cinema.testcases.admin.CouponTest" name="addCouponPage" time="0.0">
    <skipped/>
  </testcase> <!-- addCouponPage -->
  <testcase classname="cinema.testcases.admin.CouponTest" name="updateCouponPage" time="0.0">
    <skipped/>
  </testcase> <!-- updateCouponPage -->
  <testcase classname="cinema.testcases.admin.CouponTest" name="deleteCouponPage" time="0.0">
    <skipped/>
  </testcase> <!-- deleteCouponPage -->
  <testcase classname="cinema.testcases.admin.CouponTest" name="sortAndSearchNameCouponPage" time="0.0">
    <skipped/>
  </testcase> <!-- sortAndSearchNameCouponPage -->
  <testcase classname="cinema.testcases.admin.CouponTest" name="addBlankCouponPage" time="0.0">
    <skipped/>
  </testcase> <!-- addBlankCouponPage -->
  <testcase classname="cinema.testcases.admin.CouponTest" name="addCouponEndDateLessStartDatePage" time="0.0">
    <skipped/>
  </testcase> <!-- addCouponEndDateLessStartDatePage -->
  <testcase classname="cinema.testcases.admin.DirectorTest" name="LogInTest" time="0.0">
    <skipped/>
  </testcase> <!-- LogInTest -->
  <testcase classname="cinema.testcases.admin.DirectorTest" name="openDirectorPage" time="0.0">
    <skipped/>
  </testcase> <!-- openDirectorPage -->
  <testcase classname="cinema.testcases.admin.DirectorTest" name="addDirectorPage" time="0.0">
    <skipped/>
  </testcase> <!-- addDirectorPage -->
  <testcase classname="cinema.testcases.admin.DirectorTest" name="updateDirectorPage" time="0.0">
    <skipped/>
  </testcase> <!-- updateDirectorPage -->
  <testcase classname="cinema.testcases.admin.DirectorTest" name="deleteDirectorPage" time="0.0">
    <skipped/>
  </testcase> <!-- deleteDirectorPage -->
  <testcase classname="cinema.testcases.admin.DirectorTest" name="sortAndSearchNameDirectorPage" time="0.0">
    <skipped/>
  </testcase> <!-- sortAndSearchNameDirectorPage -->
  <testcase classname="cinema.testcases.admin.DirectorTest" name="addDirectorBlankNamePage" time="0.0">
    <skipped/>
  </testcase> <!-- addDirectorBlankNamePage -->
  <testcase classname="cinema.testcases.admin.GenreTest" name="LogInTest" time="0.0">
    <skipped/>
  </testcase> <!-- LogInTest -->
  <testcase classname="cinema.testcases.admin.GenreTest" name="openGenrePage" time="0.0">
    <skipped/>
  </testcase> <!-- openGenrePage -->
  <testcase classname="cinema.testcases.admin.GenreTest" name="addGenrePage" time="0.0">
    <skipped/>
  </testcase> <!-- addGenrePage -->
  <testcase classname="cinema.testcases.admin.GenreTest" name="updateGenrePage" time="0.0">
    <skipped/>
  </testcase> <!-- updateGenrePage -->
  <testcase classname="cinema.testcases.admin.GenreTest" name="deleteGenrePage" time="0.0">
    <skipped/>
  </testcase> <!-- deleteGenrePage -->
  <testcase classname="cinema.testcases.admin.GenreTest" name="sortAndSearchGenrePage" time="0.0">
    <skipped/>
  </testcase> <!-- sortAndSearchGenrePage -->
  <testcase classname="cinema.testcases.admin.GenreTest" name="addGenreAvailPage" time="0.0">
    <skipped/>
  </testcase> <!-- addGenreAvailPage -->
  <testcase classname="cinema.testcases.admin.GenreTest" name="addGenreBlankPage" time="0.0">
    <skipped/>
  </testcase> <!-- addGenreBlankPage -->
  <testcase classname="cinema.testcases.admin.LogInAdminTest" name="LogInTest" time="0.0">
    <skipped/>
  </testcase> <!-- LogInTest -->
  <testcase classname="cinema.testcases.admin.LogInAdminTest" name="LoginAdminWithInvalidEmail" time="0.0">
    <skipped/>
  </testcase> <!-- LoginAdminWithInvalidEmail -->
  <testcase classname="cinema.testcases.admin.LogInAdminTest" name="LoginAdminWithInvalidPassword" time="0.0">
    <skipped/>
  </testcase> <!-- LoginAdminWithInvalidPassword -->
  <testcase classname="cinema.testcases.admin.LogInAdminTest" name="LoginAdminWithBlankEmail" time="0.0">
    <skipped/>
  </testcase> <!-- LoginAdminWithBlankEmail -->
  <testcase classname="cinema.testcases.admin.LogInAdminTest" name="LoginAdminWithBlankPassword" time="0.0">
    <skipped/>
  </testcase> <!-- LoginAdminWithBlankPassword -->
  <testcase classname="cinema.testcases.admin.LogInAdminTest" name="LoginAdminWithBlankPAccount" time="0.0">
    <skipped/>
  </testcase> <!-- LoginAdminWithBlankPAccount -->
  <testcase classname="cinema.testcases.admin.LogInAdminTest" name="TestPasswordVisibility" time="0.0">
    <skipped/>
  </testcase> <!-- TestPasswordVisibility -->
  <testcase classname="cinema.testcases.admin.MovieTest" name="LogInTest" time="0.0">
    <skipped/>
  </testcase> <!-- LogInTest -->
  <testcase classname="cinema.testcases.admin.MovieTest" name="openMoviePage" time="0.0">
    <skipped/>
  </testcase> <!-- openMoviePage -->
  <testcase classname="cinema.testcases.admin.MovieTest" name="addMoviePage" time="0.0">
    <skipped/>
  </testcase> <!-- addMoviePage -->
  <testcase classname="cinema.testcases.admin.MovieTest" name="updateMoviePage" time="0.0">
    <skipped/>
  </testcase> <!-- updateMoviePage -->
  <testcase classname="cinema.testcases.admin.MovieTest" name="deleteMoviePage" time="0.002">
    <skipped/>
  </testcase> <!-- deleteMoviePage -->
  <testcase classname="cinema.testcases.admin.MovieTest" name="addBlankMoviePage" time="0.0">
    <skipped/>
  </testcase> <!-- addBlankMoviePage -->
  <testcase classname="cinema.testcases.admin.NewsTest" name="LogInTest" time="0.0">
    <skipped/>
  </testcase> <!-- LogInTest -->
  <testcase classname="cinema.testcases.admin.NewsTest" name="openNewsPage" time="0.0">
    <skipped/>
  </testcase> <!-- openNewsPage -->
  <testcase classname="cinema.testcases.admin.NewsTest" name="addNewsPage" time="0.0">
    <skipped/>
  </testcase> <!-- addNewsPage -->
  <testcase classname="cinema.testcases.admin.NewsTest" name="updateNewsPage" time="0.0">
    <skipped/>
  </testcase> <!-- updateNewsPage -->
  <testcase classname="cinema.testcases.admin.NewsTest" name="deleteNewsPage" time="0.0">
    <skipped/>
  </testcase> <!-- deleteNewsPage -->
  <testcase classname="cinema.testcases.admin.NewsTest" name="sortAndSearchNameNewsPage" time="0.0">
    <skipped/>
  </testcase> <!-- sortAndSearchNameNewsPage -->
  <testcase classname="cinema.testcases.admin.NewsTest" name="addBlankNewsPage" time="0.0">
    <skipped/>
  </testcase> <!-- addBlankNewsPage -->
  <testcase classname="cinema.testcases.admin.RegionTest" name="LogInTest" time="0.0">
    <skipped/>
  </testcase> <!-- LogInTest -->
  <testcase classname="cinema.testcases.admin.RegionTest" name="openRegionPage" time="0.0">
    <skipped/>
  </testcase> <!-- openRegionPage -->
  <testcase classname="cinema.testcases.admin.RegionTest" name="addRegionPage" time="0.0">
    <skipped/>
  </testcase> <!-- addRegionPage -->
  <testcase classname="cinema.testcases.admin.RegionTest" name="updateRegionPage" time="0.0">
    <skipped/>
  </testcase> <!-- updateRegionPage -->
  <testcase classname="cinema.testcases.admin.RegionTest" name="deleteRegionPage" time="0.0">
    <skipped/>
  </testcase> <!-- deleteRegionPage -->
  <testcase classname="cinema.testcases.admin.RegionTest" name="sortAndSearchRegionPage" time="0.0">
    <skipped/>
  </testcase> <!-- sortAndSearchRegionPage -->
  <testcase classname="cinema.testcases.admin.RegionTest" name="addRegionAvailPage" time="0.0">
    <skipped/>
  </testcase> <!-- addRegionAvailPage -->
  <testcase classname="cinema.testcases.admin.RegionTest" name="addRegionBlankPage" time="0.0">
    <skipped/>
  </testcase> <!-- addRegionBlankPage -->
  <testcase classname="cinema.testcases.admin.ScreenTest" name="LogInTest" time="0.0">
    <skipped/>
  </testcase> <!-- LogInTest -->
  <testcase classname="cinema.testcases.admin.ScreenTest" name="openScreenPage" time="0.0">
    <skipped/>
  </testcase> <!-- openScreenPage -->
  <testcase classname="cinema.testcases.admin.ScreenTest" name="addScreenPage" time="0.0">
    <skipped/>
  </testcase> <!-- addScreenPage -->
  <testcase classname="cinema.testcases.admin.ScreenTest" name="updateScreenPage" time="0.0">
    <skipped/>
  </testcase> <!-- updateScreenPage -->
  <testcase classname="cinema.testcases.admin.ScreenTest" name="viewScreenPage" time="0.0">
    <skipped/>
  </testcase> <!-- viewScreenPage -->
  <testcase classname="cinema.testcases.admin.ScreenTest" name="deleteScreenPage" time="0.0">
    <skipped/>
  </testcase> <!-- deleteScreenPage -->
  <testcase classname="cinema.testcases.admin.ScreenTest" name="sortAndSearchNameScreenPage" time="0.0">
    <skipped/>
  </testcase> <!-- sortAndSearchNameScreenPage -->
  <testcase classname="cinema.testcases.admin.ScreenTest" name="addBlankScreenPage" time="0.0">
    <skipped/>
  </testcase> <!-- addBlankScreenPage -->
  <testcase classname="cinema.testcases.admin.ShowTimeTest" name="LogInTest" time="0.0">
    <skipped/>
  </testcase> <!-- LogInTest -->
  <testcase classname="cinema.testcases.admin.ShowTimeTest" name="openShowTimePage" time="0.0">
    <skipped/>
  </testcase> <!-- openShowTimePage -->
  <testcase classname="cinema.testcases.admin.ShowTimeTest" name="addShowTimePage" time="0.0">
    <skipped/>
  </testcase> <!-- addShowTimePage -->
  <testcase classname="cinema.testcases.admin.ShowTimeTest" name="searchShowTimePage" time="0.0">
    <skipped/>
  </testcase> <!-- searchShowTimePage -->
  <testcase classname="cinema.testcases.admin.ShowTimeTest" name="updateShowTimePage" time="0.0">
    <skipped/>
  </testcase> <!-- updateShowTimePage -->
  <testcase classname="cinema.testcases.admin.ShowTimeTest" name="deleteShowTimePage" time="0.0">
    <skipped/>
  </testcase> <!-- deleteShowTimePage -->
  <testcase classname="cinema.testcases.admin.ShowTimeTest" name="addBlankShowTimePage" time="0.0">
    <skipped/>
  </testcase> <!-- addBlankShowTimePage -->
  <testcase classname="cinema.testcases.admin.TicketPriceTest" name="LogInTest" time="0.0">
    <skipped/>
  </testcase> <!-- LogInTest -->
  <testcase classname="cinema.testcases.admin.TicketPriceTest" name="openTicketPricePage" time="0.0">
    <skipped/>
  </testcase> <!-- openTicketPricePage -->
  <testcase classname="cinema.testcases.admin.TicketPriceTest" name="addTicketPricePage" time="0.0">
    <skipped/>
  </testcase> <!-- addTicketPricePage -->
  <testcase classname="cinema.testcases.admin.TicketPriceTest" name="updateTicketPricePage" time="0.0">
    <skipped/>
  </testcase> <!-- updateTicketPricePage -->
  <testcase classname="cinema.testcases.admin.TicketPriceTest" name="deleteTicketPricePage" time="0.0">
    <skipped/>
  </testcase> <!-- deleteTicketPricePage -->
  <testcase classname="cinema.testcases.admin.TicketPriceTest" name="sortAndSearchNameTicketPricePage" time="0.0">
    <skipped/>
  </testcase> <!-- sortAndSearchNameTicketPricePage -->
  <testcase classname="cinema.testcases.admin.TicketPriceTest" name="addBlackTicketPricePage" time="0.0">
    <skipped/>
  </testcase> <!-- addBlackTicketPricePage -->
  <testcase classname="cinema.testcases.admin.TicketPriceTest" name="addTicketPriceInvalidPage" time="0.0">
    <skipped/>
  </testcase> <!-- addTicketPriceInvalidPage -->
  <testcase classname="cinema.testcases.admin.UserTest" name="LogInTest" time="0.0">
    <skipped/>
  </testcase> <!-- LogInTest -->
  <testcase classname="cinema.testcases.admin.UserTest" name="openUserPage" time="0.0">
    <skipped/>
  </testcase> <!-- openUserPage -->
  <testcase classname="cinema.testcases.admin.UserTest" name="addUserPage" time="0.0">
    <skipped/>
  </testcase> <!-- addUserPage -->
  <testcase classname="cinema.testcases.admin.UserTest" name="updateUserPage" time="0.0">
    <skipped/>
  </testcase> <!-- updateUserPage -->
  <testcase classname="cinema.testcases.admin.UserTest" name="deleteUserPage" time="0.0">
    <skipped/>
  </testcase> <!-- deleteUserPage -->
  <testcase classname="cinema.testcases.admin.UserTest" name="sortAndSearchNameUserPage" time="0.0">
    <skipped/>
  </testcase> <!-- sortAndSearchNameUserPage -->
  <testcase classname="cinema.testcases.admin.UserTest" name="addUserBlankPage" time="0.0">
    <skipped/>
  </testcase> <!-- addUserBlankPage -->
  <testcase classname="cinema.testcases.admin.UserTest" name="addInvalidUserPage" time="0.0">
    <skipped/>
  </testcase> <!-- addInvalidUserPage -->
  <testcase classname="cinema.testcases.admin.CastTest" name="addCastBlankBirthdayPage" time="0.0">
    <ignored/>
  </testcase> <!-- addCastBlankBirthdayPage -->
  <testcase classname="cinema.testcases.admin.CastTest" name="addCastBlankNameAndBirthdayPage" time="0.0">
    <ignored/>
  </testcase> <!-- addCastBlankNameAndBirthdayPage -->
  <testcase classname="cinema.testcases.admin.DirectorTest" name="addDirectorBlankBirthdayPage" time="0.0">
    <ignored/>
  </testcase> <!-- addDirectorBlankBirthdayPage -->
  <testcase classname="cinema.testcases.admin.DirectorTest" name="addDirectorBlankNameAndBirthdayPage" time="0.0">
    <ignored/>
  </testcase> <!-- addDirectorBlankNameAndBirthdayPage -->
  <testcase classname="cinema.testcases.admin.MovieTest" name="sortAndSearchNameMoviePage" time="0.0">
    <ignored/>
  </testcase> <!-- sortAndSearchNameMoviePage -->
</testsuite> <!-- Command line test -->
