<!DOCTYPE html PUBLIC "-//W3C//DTD XHTML 1.1//EN" "https://www.w3.org/TR/xhtml11/DTD/xhtml11.dtd">
<html xmlns="https://www.w3.org/1999/xhtml">
<head>
<meta http-equiv="content-type" content="text/html; charset=UTF-8"/>
<title>TestNG Report</title>
<style type="text/css">table {margin-bottom:10px;border-collapse:collapse;empty-cells:show}th,td {border:1px solid #009;padding:.25em .5em}th {vertical-align:bottom}td {vertical-align:top}table a {font-weight:bold}.stripe td {background-color: #E6EBF9}.num {text-align:right}.passedodd td {background-color: #3F3}.passedeven td {background-color: #0A0}.skippedodd td {background-color: #DDD}.skippedeven td {background-color: #CCC}.failedodd td,.attn {background-color: #F33}.failedeven td,.stripe .attn {background-color: #D00}.stacktrace {white-space:pre;font-family:monospace}.totop {font-size:85%;text-align:center;border-bottom:2px solid #000}.invisible {display:none}</style>
</head>
<body>
<table>
<tr><th>Test</th><th># Passed</th><th># Skipped</th><th># Retried</th><th># Failed</th><th>Time (ms)</th><th>Included Groups</th><th>Excluded Groups</th></tr>
<tr><th colspan="8">Command line suite</th></tr>
<tr><td><a href="#t0">Command line test</a></td><td class="num">0</td><td class="num attn">103</td><td class="num">0</td><td class="num">0</td><td class="num">164</td><td></td><td></td></tr>
</table>
<table id='summary'><thead><tr><th>Class</th><th>Method</th><th>Start</th><th>Time (ms)</th></tr></thead><tbody><tr><th colspan="4">Command line suite</th></tr></tbody><tbody id="t0"><tr><th colspan="4">Command line test &#8212; failed (configuration methods)</th></tr><tr class="failedeven"><td rowspan="1">cinema.testcases.admin.CastTest</td><td><a href="#m0">initializeTestBaseSetup</a></td><td rowspan="1">1732347509432</td><td rowspan="1">-1732347509432</td></tr><tr class="failedodd"><td rowspan="1">cinema.testcases.admin.CinemaTest</td><td><a href="#m1">initializeTestBaseSetup</a></td><td rowspan="1">1732347509473</td><td rowspan="1">-1732347509473</td></tr><tr class="failedeven"><td rowspan="1">cinema.testcases.admin.ComboTest</td><td><a href="#m2">initializeTestBaseSetup</a></td><td rowspan="1">1732347509485</td><td rowspan="1">-1732347509485</td></tr><tr class="failedodd"><td rowspan="1">cinema.testcases.admin.CouponTest</td><td><a href="#m3">initializeTestBaseSetup</a></td><td rowspan="1">1732347509492</td><td rowspan="1">-1732347509492</td></tr><tr class="failedeven"><td rowspan="1">cinema.testcases.admin.DirectorTest</td><td><a href="#m4">initializeTestBaseSetup</a></td><td rowspan="1">1732347509500</td><td rowspan="1">-1732347509500</td></tr><tr class="failedodd"><td rowspan="1">cinema.testcases.admin.GenreTest</td><td><a href="#m5">initializeTestBaseSetup</a></td><td rowspan="1">1732347509505</td><td rowspan="1">-1732347509505</td></tr><tr class="failedeven"><td rowspan="1">cinema.testcases.admin.LogInAdminTest</td><td><a href="#m6">initializeTestBaseSetup</a></td><td rowspan="1">1732347509511</td><td rowspan="1">-1732347509511</td></tr><tr class="failedodd"><td rowspan="1">cinema.testcases.admin.MovieTest</td><td><a href="#m7">initializeTestBaseSetup</a></td><td rowspan="1">1732347509517</td><td rowspan="1">-1732347509517</td></tr><tr class="failedeven"><td rowspan="1">cinema.testcases.admin.NewsTest</td><td><a href="#m8">initializeTestBaseSetup</a></td><td rowspan="1">1732347509522</td><td rowspan="1">-1732347509522</td></tr><tr class="failedodd"><td rowspan="1">cinema.testcases.admin.RegionTest</td><td><a href="#m9">initializeTestBaseSetup</a></td><td rowspan="1">1732347509528</td><td rowspan="1">-1732347509528</td></tr><tr class="failedeven"><td rowspan="1">cinema.testcases.admin.ScreenTest</td><td><a href="#m10">initializeTestBaseSetup</a></td><td rowspan="1">1732347509535</td><td rowspan="1">-1732347509535</td></tr><tr class="failedodd"><td rowspan="1">cinema.testcases.admin.ShowTimeTest</td><td><a href="#m11">initializeTestBaseSetup</a></td><td rowspan="1">1732347509541</td><td rowspan="1">-1732347509541</td></tr><tr class="failedeven"><td rowspan="1">cinema.testcases.admin.TicketPriceTest</td><td><a href="#m12">initializeTestBaseSetup</a></td><td rowspan="1">1732347509549</td><td rowspan="1">-1732347509549</td></tr><tr class="failedodd"><td rowspan="1">cinema.testcases.admin.UserTest</td><td><a href="#m13">initializeTestBaseSetup</a></td><td rowspan="1">1732347509556</td><td rowspan="1">-1732347509556</td></tr><tr><th colspan="4">Command line test &#8212; skipped (configuration methods)</th></tr><tr class="skippedeven"><td rowspan="3">cinema.testcases.admin.CastTest</td><td><a href="#m14">closeBrowser</a></td><td rowspan="1">1732347509471</td><td rowspan="1">0</td></tr><tr class="skippedeven"><td><a href="#m15">setup</a></td><td rowspan="1">1732347509447</td><td rowspan="1">0</td></tr><tr class="skippedeven"><td><a href="#m16">tearDown</a></td><td rowspan="1">1732347509472</td><td rowspan="1">0</td></tr><tr class="skippedodd"><td rowspan="3">cinema.testcases.admin.CinemaTest</td><td><a href="#m17">closeBrowser</a></td><td rowspan="1">1732347509484</td><td rowspan="1">0</td></tr><tr class="skippedodd"><td><a href="#m18">setup</a></td><td rowspan="1">1732347509474</td><td rowspan="1">0</td></tr><tr class="skippedodd"><td><a href="#m19">tearDown</a></td><td rowspan="1">1732347509484</td><td rowspan="1">0</td></tr><tr class="skippedeven"><td rowspan="3">cinema.testcases.admin.ComboTest</td><td><a href="#m20">closeBrowser</a></td><td rowspan="1">1732347509491</td><td rowspan="1">0</td></tr><tr class="skippedeven"><td><a href="#m21">setup</a></td><td rowspan="1">1732347509486</td><td rowspan="1">0</td></tr><tr class="skippedeven"><td><a href="#m22">tearDown</a></td><td rowspan="1">1732347509491</td><td rowspan="1">0</td></tr><tr class="skippedodd"><td rowspan="3">cinema.testcases.admin.CouponTest</td><td><a href="#m23">closeBrowser</a></td><td rowspan="1">1732347509499</td><td rowspan="1">0</td></tr><tr class="skippedodd"><td><a href="#m24">setup</a></td><td rowspan="1">1732347509493</td><td rowspan="1">0</td></tr><tr class="skippedodd"><td><a href="#m25">tearDown</a></td><td rowspan="1">1732347509499</td><td rowspan="1">0</td></tr><tr class="skippedeven"><td rowspan="3">cinema.testcases.admin.DirectorTest</td><td><a href="#m26">closeBrowser</a></td><td rowspan="1">1732347509505</td><td rowspan="1">0</td></tr><tr class="skippedeven"><td><a href="#m27">setup</a></td><td rowspan="1">1732347509500</td><td rowspan="1">0</td></tr><tr class="skippedeven"><td><a href="#m28">tearDown</a></td><td rowspan="1">1732347509505</td><td rowspan="1">0</td></tr><tr class="skippedodd"><td rowspan="3">cinema.testcases.admin.GenreTest</td><td><a href="#m29">closeBrowser</a></td><td rowspan="1">1732347509511</td><td rowspan="1">0</td></tr><tr class="skippedodd"><td><a href="#m30">setup</a></td><td rowspan="1">1732347509506</td><td rowspan="1">0</td></tr><tr class="skippedodd"><td><a href="#m31">tearDown</a></td><td rowspan="1">1732347509511</td><td rowspan="1">0</td></tr><tr class="skippedeven"><td rowspan="3">cinema.testcases.admin.LogInAdminTest</td><td><a href="#m32">closeBrowser</a></td><td rowspan="1">1732347509516</td><td rowspan="1">0</td></tr><tr class="skippedeven"><td><a href="#m33">setup</a></td><td rowspan="1">1732347509512</td><td rowspan="1">0</td></tr><tr class="skippedeven"><td><a href="#m34">tearDown</a></td><td rowspan="1">1732347509516</td><td rowspan="1">0</td></tr><tr class="skippedodd"><td rowspan="3">cinema.testcases.admin.MovieTest</td><td><a href="#m35">closeBrowser</a></td><td rowspan="1">1732347509521</td><td rowspan="1">0</td></tr><tr class="skippedodd"><td><a href="#m36">setup</a></td><td rowspan="1">1732347509517</td><td rowspan="1">0</td></tr><tr class="skippedodd"><td><a href="#m37">tearDown</a></td><td rowspan="1">1732347509522</td><td rowspan="1">0</td></tr><tr class="skippedeven"><td rowspan="3">cinema.testcases.admin.NewsTest</td><td><a href="#m38">closeBrowser</a></td><td rowspan="1">1732347509527</td><td rowspan="1">0</td></tr><tr class="skippedeven"><td><a href="#m39">setup</a></td><td rowspan="1">1732347509523</td><td rowspan="1">0</td></tr><tr class="skippedeven"><td><a href="#m40">tearDown</a></td><td rowspan="1">1732347509528</td><td rowspan="1">0</td></tr><tr class="skippedodd"><td rowspan="3">cinema.testcases.admin.RegionTest</td><td><a href="#m41">closeBrowser</a></td><td rowspan="1">1732347509534</td><td rowspan="1">0</td></tr><tr class="skippedodd"><td><a href="#m42">setup</a></td><td rowspan="1">1732347509529</td><td rowspan="1">0</td></tr><tr class="skippedodd"><td><a href="#m43">tearDown</a></td><td rowspan="1">1732347509534</td><td rowspan="1">0</td></tr><tr class="skippedeven"><td rowspan="3">cinema.testcases.admin.ScreenTest</td><td><a href="#m44">closeBrowser</a></td><td rowspan="1">1732347509541</td><td rowspan="1">0</td></tr><tr class="skippedeven"><td><a href="#m45">setup</a></td><td rowspan="1">1732347509536</td><td rowspan="1">0</td></tr><tr class="skippedeven"><td><a href="#m46">tearDown</a></td><td rowspan="1">1732347509541</td><td rowspan="1">0</td></tr><tr class="skippedodd"><td rowspan="3">cinema.testcases.admin.ShowTimeTest</td><td><a href="#m47">closeBrowser</a></td><td rowspan="1">1732347509548</td><td rowspan="1">0</td></tr><tr class="skippedodd"><td><a href="#m48">setup</a></td><td rowspan="1">1732347509543</td><td rowspan="1">0</td></tr><tr class="skippedodd"><td><a href="#m49">tearDown</a></td><td rowspan="1">1732347509548</td><td rowspan="1">0</td></tr><tr class="skippedeven"><td rowspan="3">cinema.testcases.admin.TicketPriceTest</td><td><a href="#m50">closeBrowser</a></td><td rowspan="1">1732347509555</td><td rowspan="1">0</td></tr><tr class="skippedeven"><td><a href="#m51">setup</a></td><td rowspan="1">1732347509550</td><td rowspan="1">0</td></tr><tr class="skippedeven"><td><a href="#m52">tearDown</a></td><td rowspan="1">1732347509556</td><td rowspan="1">0</td></tr><tr class="skippedodd"><td rowspan="3">cinema.testcases.admin.UserTest</td><td><a href="#m53">closeBrowser</a></td><td rowspan="1">1732347509561</td><td rowspan="1">0</td></tr><tr class="skippedodd"><td><a href="#m54">setup</a></td><td rowspan="1">1732347509557</td><td rowspan="1">0</td></tr><tr class="skippedodd"><td><a href="#m55">tearDown</a></td><td rowspan="1">1732347509561</td><td rowspan="1">0</td></tr><tr><th colspan="4">Command line test &#8212; skipped</th></tr><tr class="skippedeven"><td rowspan="7">cinema.testcases.admin.CastTest</td><td><a href="#m56">LogInTest</a></td><td rowspan="1">1732347509461</td><td rowspan="1">0</td></tr><tr class="skippedeven"><td><a href="#m57">addCastBlankNamePage</a></td><td rowspan="1">1732347509471</td><td rowspan="1">0</td></tr><tr class="skippedeven"><td><a href="#m58">addCastPage</a></td><td rowspan="1">1732347509467</td><td rowspan="1">0</td></tr><tr class="skippedeven"><td><a href="#m59">deleteCastPage</a></td><td rowspan="1">1732347509469</td><td rowspan="1">0</td></tr><tr class="skippedeven"><td><a href="#m60">openCastPage</a></td><td rowspan="1">1732347509466</td><td rowspan="1">0</td></tr><tr class="skippedeven"><td><a href="#m61">sortAndSearchTypeGenre</a></td><td rowspan="1">1732347509470</td><td rowspan="1">0</td></tr><tr class="skippedeven"><td><a href="#m62">updateCastPage</a></td><td rowspan="1">1732347509468</td><td rowspan="1">0</td></tr><tr class="skippedodd"><td rowspan="7">cinema.testcases.admin.CinemaTest</td><td><a href="#m63">LogInTest</a></td><td rowspan="1">1732347509478</td><td rowspan="1">0</td></tr><tr class="skippedodd"><td><a href="#m64">addCinemaBlankPage</a></td><td rowspan="1">1732347509484</td><td rowspan="1">0</td></tr><tr class="skippedodd"><td><a href="#m65">addCinemaPage</a></td><td rowspan="1">1732347509481</td><td rowspan="1">0</td></tr><tr class="skippedodd"><td><a href="#m66">deleteCinemaPage</a></td><td rowspan="1">1732347509482</td><td rowspan="1">0</td></tr><tr class="skippedodd"><td><a href="#m67">openCinemaPage</a></td><td rowspan="1">1732347509479</td><td rowspan="1">0</td></tr><tr class="skippedodd"><td><a href="#m68">sortAndSearchNameCinemaPage</a></td><td rowspan="1">1732347509483</td><td rowspan="1">0</td></tr><tr class="skippedodd"><td><a href="#m69">updateCinemaPage</a></td><td rowspan="1">1732347509482</td><td rowspan="1">0</td></tr><tr class="skippedeven"><td rowspan="7">cinema.testcases.admin.ComboTest</td><td><a href="#m70">LogInTest</a></td><td rowspan="1">1732347509486</td><td rowspan="1">0</td></tr><tr class="skippedeven"><td><a href="#m71">addBlankComboPage</a></td><td rowspan="1">1732347509491</td><td rowspan="1">0</td></tr><tr class="skippedeven"><td><a href="#m72">addComboPage</a></td><td rowspan="1">1732347509488</td><td rowspan="1">0</td></tr><tr class="skippedeven"><td><a href="#m73">deleteComboPage</a></td><td rowspan="1">1732347509489</td><td rowspan="1">0</td></tr><tr class="skippedeven"><td><a href="#m74">openComboPage</a></td><td rowspan="1">1732347509487</td><td rowspan="1">0</td></tr><tr class="skippedeven"><td><a href="#m75">sortAndSearchNameComboPage</a></td><td rowspan="1">1732347509490</td><td rowspan="1">0</td></tr><tr class="skippedeven"><td><a href="#m76">updateComboPage</a></td><td rowspan="1">1732347509488</td><td rowspan="1">0</td></tr><tr class="skippedodd"><td rowspan="8">cinema.testcases.admin.CouponTest</td><td><a href="#m77">LogInTest</a></td><td rowspan="1">1732347509494</td><td rowspan="1">0</td></tr><tr class="skippedodd"><td><a href="#m78">addBlankCouponPage</a></td><td rowspan="1">1732347509498</td><td rowspan="1">0</td></tr><tr class="skippedodd"><td><a href="#m79">addCouponEndDateLessStartDatePage</a></td><td rowspan="1">1732347509498</td><td rowspan="1">0</td></tr><tr class="skippedodd"><td><a href="#m80">addCouponPage</a></td><td rowspan="1">1732347509495</td><td rowspan="1">0</td></tr><tr class="skippedodd"><td><a href="#m81">deleteCouponPage</a></td><td rowspan="1">1732347509497</td><td rowspan="1">0</td></tr><tr class="skippedodd"><td><a href="#m82">openCouponPage</a></td><td rowspan="1">1732347509494</td><td rowspan="1">0</td></tr><tr class="skippedodd"><td><a href="#m83">sortAndSearchNameCouponPage</a></td><td rowspan="1">1732347509497</td><td rowspan="1">0</td></tr><tr class="skippedodd"><td><a href="#m84">updateCouponPage</a></td><td rowspan="1">1732347509496</td><td rowspan="1">0</td></tr><tr class="skippedeven"><td rowspan="7">cinema.testcases.admin.DirectorTest</td><td><a href="#m85">LogInTest</a></td><td rowspan="1">1732347509501</td><td rowspan="1">0</td></tr><tr class="skippedeven"><td><a href="#m86">addDirectorBlankNamePage</a></td><td rowspan="1">1732347509505</td><td rowspan="1">0</td></tr><tr class="skippedeven"><td><a href="#m87">addDirectorPage</a></td><td rowspan="1">1732347509502</td><td rowspan="1">0</td></tr><tr class="skippedeven"><td><a href="#m88">deleteDirectorPage</a></td><td rowspan="1">1732347509504</td><td rowspan="1">0</td></tr><tr class="skippedeven"><td><a href="#m89">openDirectorPage</a></td><td rowspan="1">1732347509501</td><td rowspan="1">0</td></tr><tr class="skippedeven"><td><a href="#m90">sortAndSearchNameDirectorPage</a></td><td rowspan="1">1732347509504</td><td rowspan="1">0</td></tr><tr class="skippedeven"><td><a href="#m91">updateDirectorPage</a></td><td rowspan="1">1732347509502</td><td rowspan="1">0</td></tr><tr class="skippedodd"><td rowspan="8">cinema.testcases.admin.GenreTest</td><td><a href="#m92">LogInTest</a></td><td rowspan="1">1732347509506</td><td rowspan="1">0</td></tr><tr class="skippedodd"><td><a href="#m93">addGenreAvailPage</a></td><td rowspan="1">1732347509510</td><td rowspan="1">0</td></tr><tr class="skippedodd"><td><a href="#m94">addGenreBlankPage</a></td><td rowspan="1">1732347509510</td><td rowspan="1">0</td></tr><tr class="skippedodd"><td><a href="#m95">addGenrePage</a></td><td rowspan="1">1732347509508</td><td rowspan="1">0</td></tr><tr class="skippedodd"><td><a href="#m96">deleteGenrePage</a></td><td rowspan="1">1732347509509</td><td rowspan="1">0</td></tr><tr class="skippedodd"><td><a href="#m97">openGenrePage</a></td><td rowspan="1">1732347509507</td><td rowspan="1">0</td></tr><tr class="skippedodd"><td><a href="#m98">sortAndSearchGenrePage</a></td><td rowspan="1">1732347509509</td><td rowspan="1">0</td></tr><tr class="skippedodd"><td><a href="#m99">updateGenrePage</a></td><td rowspan="1">1732347509508</td><td rowspan="1">0</td></tr><tr class="skippedeven"><td rowspan="7">cinema.testcases.admin.LogInAdminTest</td><td><a href="#m100">LogInTest</a></td><td rowspan="1">1732347509513</td><td rowspan="1">0</td></tr><tr class="skippedeven"><td><a href="#m101">LoginAdminWithBlankEmail</a></td><td rowspan="1">1732347509514</td><td rowspan="1">0</td></tr><tr class="skippedeven"><td><a href="#m102">LoginAdminWithBlankPAccount</a></td><td rowspan="1">1732347509516</td><td rowspan="1">0</td></tr><tr class="skippedeven"><td><a href="#m103">LoginAdminWithBlankPassword</a></td><td rowspan="1">1732347509515</td><td rowspan="1">0</td></tr><tr class="skippedeven"><td><a href="#m104">LoginAdminWithInvalidEmail</a></td><td rowspan="1">1732347509513</td><td rowspan="1">0</td></tr><tr class="skippedeven"><td><a href="#m105">LoginAdminWithInvalidPassword</a></td><td rowspan="1">1732347509514</td><td rowspan="1">0</td></tr><tr class="skippedeven"><td><a href="#m106">TestPasswordVisibility</a></td><td rowspan="1">1732347509516</td><td rowspan="1">0</td></tr><tr class="skippedodd"><td rowspan="6">cinema.testcases.admin.MovieTest</td><td><a href="#m107">LogInTest</a></td><td rowspan="1">1732347509518</td><td rowspan="1">0</td></tr><tr class="skippedodd"><td><a href="#m108">addBlankMoviePage</a></td><td rowspan="1">1732347509521</td><td rowspan="1">0</td></tr><tr class="skippedodd"><td><a href="#m109">addMoviePage</a></td><td rowspan="1">1732347509519</td><td rowspan="1">0</td></tr><tr class="skippedodd"><td><a href="#m110">deleteMoviePage</a></td><td rowspan="1">1732347509519</td><td rowspan="1">2</td></tr><tr class="skippedodd"><td><a href="#m111">openMoviePage</a></td><td rowspan="1">1732347509518</td><td rowspan="1">0</td></tr><tr class="skippedodd"><td><a href="#m112">updateMoviePage</a></td><td rowspan="1">1732347509519</td><td rowspan="1">0</td></tr><tr class="skippedeven"><td rowspan="7">cinema.testcases.admin.NewsTest</td><td><a href="#m113">LogInTest</a></td><td rowspan="1">1732347509524</td><td rowspan="1">0</td></tr><tr class="skippedeven"><td><a href="#m114">addBlankNewsPage</a></td><td rowspan="1">1732347509527</td><td rowspan="1">0</td></tr><tr class="skippedeven"><td><a href="#m115">addNewsPage</a></td><td rowspan="1">1732347509525</td><td rowspan="1">0</td></tr><tr class="skippedeven"><td><a href="#m116">deleteNewsPage</a></td><td rowspan="1">1732347509526</td><td rowspan="1">0</td></tr><tr class="skippedeven"><td><a href="#m117">openNewsPage</a></td><td rowspan="1">1732347509524</td><td rowspan="1">0</td></tr><tr class="skippedeven"><td><a href="#m118">sortAndSearchNameNewsPage</a></td><td rowspan="1">1732347509526</td><td rowspan="1">0</td></tr><tr class="skippedeven"><td><a href="#m119">updateNewsPage</a></td><td rowspan="1">1732347509525</td><td rowspan="1">0</td></tr><tr class="skippedodd"><td rowspan="8">cinema.testcases.admin.RegionTest</td><td><a href="#m120">LogInTest</a></td><td rowspan="1">1732347509529</td><td rowspan="1">0</td></tr><tr class="skippedodd"><td><a href="#m121">addRegionAvailPage</a></td><td rowspan="1">1732347509533</td><td rowspan="1">0</td></tr><tr class="skippedodd"><td><a href="#m122">addRegionBlankPage</a></td><td rowspan="1">1732347509534</td><td rowspan="1">0</td></tr><tr class="skippedodd"><td><a href="#m123">addRegionPage</a></td><td rowspan="1">1732347509530</td><td rowspan="1">0</td></tr><tr class="skippedodd"><td><a href="#m124">deleteRegionPage</a></td><td rowspan="1">1732347509532</td><td rowspan="1">0</td></tr><tr class="skippedodd"><td><a href="#m125">openRegionPage</a></td><td rowspan="1">1732347509530</td><td rowspan="1">0</td></tr><tr class="skippedodd"><td><a href="#m126">sortAndSearchRegionPage</a></td><td rowspan="1">1732347509532</td><td rowspan="1">0</td></tr><tr class="skippedodd"><td><a href="#m127">updateRegionPage</a></td><td rowspan="1">1732347509531</td><td rowspan="1">0</td></tr><tr class="skippedeven"><td rowspan="8">cinema.testcases.admin.ScreenTest</td><td><a href="#m128">LogInTest</a></td><td rowspan="1">1732347509536</td><td rowspan="1">0</td></tr><tr class="skippedeven"><td><a href="#m129">addBlankScreenPage</a></td><td rowspan="1">1732347509541</td><td rowspan="1">0</td></tr><tr class="skippedeven"><td><a href="#m130">addScreenPage</a></td><td rowspan="1">1732347509537</td><td rowspan="1">0</td></tr><tr class="skippedeven"><td><a href="#m131">deleteScreenPage</a></td><td rowspan="1">1732347509539</td><td rowspan="1">0</td></tr><tr class="skippedeven"><td><a href="#m132">openScreenPage</a></td><td rowspan="1">1732347509537</td><td rowspan="1">0</td></tr><tr class="skippedeven"><td><a href="#m133">sortAndSearchNameScreenPage</a></td><td rowspan="1">1732347509540</td><td rowspan="1">0</td></tr><tr class="skippedeven"><td><a href="#m134">updateScreenPage</a></td><td rowspan="1">1732347509538</td><td rowspan="1">0</td></tr><tr class="skippedeven"><td><a href="#m135">viewScreenPage</a></td><td rowspan="1">1732347509539</td><td rowspan="1">0</td></tr><tr class="skippedodd"><td rowspan="7">cinema.testcases.admin.ShowTimeTest</td><td><a href="#m136">LogInTest</a></td><td rowspan="1">1732347509544</td><td rowspan="1">0</td></tr><tr class="skippedodd"><td><a href="#m137">addBlankShowTimePage</a></td><td rowspan="1">1732347509548</td><td rowspan="1">0</td></tr><tr class="skippedodd"><td><a href="#m138">addShowTimePage</a></td><td rowspan="1">1732347509545</td><td rowspan="1">0</td></tr><tr class="skippedodd"><td><a href="#m139">deleteShowTimePage</a></td><td rowspan="1">1732347509547</td><td rowspan="1">0</td></tr><tr class="skippedodd"><td><a href="#m140">openShowTimePage</a></td><td rowspan="1">1732347509545</td><td rowspan="1">0</td></tr><tr class="skippedodd"><td><a href="#m141">searchShowTimePage</a></td><td rowspan="1">1732347509546</td><td rowspan="1">0</td></tr><tr class="skippedodd"><td><a href="#m142">updateShowTimePage</a></td><td rowspan="1">1732347509547</td><td rowspan="1">0</td></tr><tr class="skippedeven"><td rowspan="8">cinema.testcases.admin.TicketPriceTest</td><td><a href="#m143">LogInTest</a></td><td rowspan="1">1732347509550</td><td rowspan="1">0</td></tr><tr class="skippedeven"><td><a href="#m144">addBlackTicketPricePage</a></td><td rowspan="1">1732347509555</td><td rowspan="1">0</td></tr><tr class="skippedeven"><td><a href="#m145">addTicketPriceInvalidPage</a></td><td rowspan="1">1732347509555</td><td rowspan="1">0</td></tr><tr class="skippedeven"><td><a href="#m146">addTicketPricePage</a></td><td rowspan="1">1732347509551</td><td rowspan="1">0</td></tr><tr class="skippedeven"><td><a href="#m147">deleteTicketPricePage</a></td><td rowspan="1">1732347509553</td><td rowspan="1">0</td></tr><tr class="skippedeven"><td><a href="#m148">openTicketPricePage</a></td><td rowspan="1">1732347509551</td><td rowspan="1">0</td></tr><tr class="skippedeven"><td><a href="#m149">sortAndSearchNameTicketPricePage</a></td><td rowspan="1">1732347509554</td><td rowspan="1">0</td></tr><tr class="skippedeven"><td><a href="#m150">updateTicketPricePage</a></td><td rowspan="1">1732347509552</td><td rowspan="1">0</td></tr><tr class="skippedodd"><td rowspan="8">cinema.testcases.admin.UserTest</td><td><a href="#m151">LogInTest</a></td><td rowspan="1">1732347509557</td><td rowspan="1">0</td></tr><tr class="skippedodd"><td><a href="#m152">addInvalidUserPage</a></td><td rowspan="1">1732347509561</td><td rowspan="1">0</td></tr><tr class="skippedodd"><td><a href="#m153">addUserBlankPage</a></td><td rowspan="1">1732347509560</td><td rowspan="1">0</td></tr><tr class="skippedodd"><td><a href="#m154">addUserPage</a></td><td rowspan="1">1732347509558</td><td rowspan="1">0</td></tr><tr class="skippedodd"><td><a href="#m155">deleteUserPage</a></td><td rowspan="1">1732347509559</td><td rowspan="1">0</td></tr><tr class="skippedodd"><td><a href="#m156">openUserPage</a></td><td rowspan="1">1732347509558</td><td rowspan="1">0</td></tr><tr class="skippedodd"><td><a href="#m157">sortAndSearchNameUserPage</a></td><td rowspan="1">1732347509560</td><td rowspan="1">0</td></tr><tr class="skippedodd"><td><a href="#m158">updateUserPage</a></td><td rowspan="1">1732347509559</td><td rowspan="1">0</td></tr></tbody>
</table>
<h2>Command line test</h2><h3 id="m0">cinema.testcases.admin.CastTest#initializeTestBaseSetup</h3><table class="result"><tr><th>Exception</th></tr><tr><td><div class="stacktrace">org.testng.TestNGException: 
Parameter &apos;browserType&apos; is required by BeforeClass on method initializeTestBaseSetup but has not been marked @Optional or defined

	at java.base/java.util.ArrayList.forEach(ArrayList.java:1597)
... Removed 30 stack frames</div></td></tr></table><p class="totop"><a href="#summary">back to summary</a></p>
<h3 id="m1">cinema.testcases.admin.CinemaTest#initializeTestBaseSetup</h3><table class="result"><tr><th>Exception</th></tr><tr><td><div class="stacktrace">org.testng.TestNGException: 
Parameter &apos;browserType&apos; is required by BeforeClass on method initializeTestBaseSetup but has not been marked @Optional or defined

	at java.base/java.util.ArrayList.forEach(ArrayList.java:1597)
... Removed 30 stack frames</div></td></tr></table><p class="totop"><a href="#summary">back to summary</a></p>
<h3 id="m2">cinema.testcases.admin.ComboTest#initializeTestBaseSetup</h3><table class="result"><tr><th>Exception</th></tr><tr><td><div class="stacktrace">org.testng.TestNGException: 
Parameter &apos;browserType&apos; is required by BeforeClass on method initializeTestBaseSetup but has not been marked @Optional or defined

	at java.base/java.util.ArrayList.forEach(ArrayList.java:1597)
... Removed 30 stack frames</div></td></tr></table><p class="totop"><a href="#summary">back to summary</a></p>
<h3 id="m3">cinema.testcases.admin.CouponTest#initializeTestBaseSetup</h3><table class="result"><tr><th>Exception</th></tr><tr><td><div class="stacktrace">org.testng.TestNGException: 
Parameter &apos;browserType&apos; is required by BeforeClass on method initializeTestBaseSetup but has not been marked @Optional or defined

	at java.base/java.util.ArrayList.forEach(ArrayList.java:1597)
... Removed 30 stack frames</div></td></tr></table><p class="totop"><a href="#summary">back to summary</a></p>
<h3 id="m4">cinema.testcases.admin.DirectorTest#initializeTestBaseSetup</h3><table class="result"><tr><th>Exception</th></tr><tr><td><div class="stacktrace">org.testng.TestNGException: 
Parameter &apos;browserType&apos; is required by BeforeClass on method initializeTestBaseSetup but has not been marked @Optional or defined

	at java.base/java.util.ArrayList.forEach(ArrayList.java:1597)
... Removed 30 stack frames</div></td></tr></table><p class="totop"><a href="#summary">back to summary</a></p>
<h3 id="m5">cinema.testcases.admin.GenreTest#initializeTestBaseSetup</h3><table class="result"><tr><th>Exception</th></tr><tr><td><div class="stacktrace">org.testng.TestNGException: 
Parameter &apos;browserType&apos; is required by BeforeClass on method initializeTestBaseSetup but has not been marked @Optional or defined

	at java.base/java.util.ArrayList.forEach(ArrayList.java:1597)
... Removed 30 stack frames</div></td></tr></table><p class="totop"><a href="#summary">back to summary</a></p>
<h3 id="m6">cinema.testcases.admin.LogInAdminTest#initializeTestBaseSetup</h3><table class="result"><tr><th>Exception</th></tr><tr><td><div class="stacktrace">org.testng.TestNGException: 
Parameter &apos;browserType&apos; is required by BeforeClass on method initializeTestBaseSetup but has not been marked @Optional or defined

	at java.base/java.util.ArrayList.forEach(ArrayList.java:1597)
... Removed 30 stack frames</div></td></tr></table><p class="totop"><a href="#summary">back to summary</a></p>
<h3 id="m7">cinema.testcases.admin.MovieTest#initializeTestBaseSetup</h3><table class="result"><tr><th>Exception</th></tr><tr><td><div class="stacktrace">org.testng.TestNGException: 
Parameter &apos;browserType&apos; is required by BeforeClass on method initializeTestBaseSetup but has not been marked @Optional or defined

	at java.base/java.util.ArrayList.forEach(ArrayList.java:1597)
... Removed 30 stack frames</div></td></tr></table><p class="totop"><a href="#summary">back to summary</a></p>
<h3 id="m8">cinema.testcases.admin.NewsTest#initializeTestBaseSetup</h3><table class="result"><tr><th>Exception</th></tr><tr><td><div class="stacktrace">org.testng.TestNGException: 
Parameter &apos;browserType&apos; is required by BeforeClass on method initializeTestBaseSetup but has not been marked @Optional or defined

	at java.base/java.util.ArrayList.forEach(ArrayList.java:1597)
... Removed 30 stack frames</div></td></tr></table><p class="totop"><a href="#summary">back to summary</a></p>
<h3 id="m9">cinema.testcases.admin.RegionTest#initializeTestBaseSetup</h3><table class="result"><tr><th>Exception</th></tr><tr><td><div class="stacktrace">org.testng.TestNGException: 
Parameter &apos;browserType&apos; is required by BeforeClass on method initializeTestBaseSetup but has not been marked @Optional or defined

	at java.base/java.util.ArrayList.forEach(ArrayList.java:1597)
... Removed 30 stack frames</div></td></tr></table><p class="totop"><a href="#summary">back to summary</a></p>
<h3 id="m10">cinema.testcases.admin.ScreenTest#initializeTestBaseSetup</h3><table class="result"><tr><th>Exception</th></tr><tr><td><div class="stacktrace">org.testng.TestNGException: 
Parameter &apos;browserType&apos; is required by BeforeClass on method initializeTestBaseSetup but has not been marked @Optional or defined

	at java.base/java.util.ArrayList.forEach(ArrayList.java:1597)
... Removed 30 stack frames</div></td></tr></table><p class="totop"><a href="#summary">back to summary</a></p>
<h3 id="m11">cinema.testcases.admin.ShowTimeTest#initializeTestBaseSetup</h3><table class="result"><tr><th>Exception</th></tr><tr><td><div class="stacktrace">org.testng.TestNGException: 
Parameter &apos;browserType&apos; is required by BeforeClass on method initializeTestBaseSetup but has not been marked @Optional or defined

	at java.base/java.util.ArrayList.forEach(ArrayList.java:1597)
... Removed 30 stack frames</div></td></tr></table><p class="totop"><a href="#summary">back to summary</a></p>
<h3 id="m12">cinema.testcases.admin.TicketPriceTest#initializeTestBaseSetup</h3><table class="result"><tr><th>Exception</th></tr><tr><td><div class="stacktrace">org.testng.TestNGException: 
Parameter &apos;browserType&apos; is required by BeforeClass on method initializeTestBaseSetup but has not been marked @Optional or defined

	at java.base/java.util.ArrayList.forEach(ArrayList.java:1597)
... Removed 30 stack frames</div></td></tr></table><p class="totop"><a href="#summary">back to summary</a></p>
<h3 id="m13">cinema.testcases.admin.UserTest#initializeTestBaseSetup</h3><table class="result"><tr><th>Exception</th></tr><tr><td><div class="stacktrace">org.testng.TestNGException: 
Parameter &apos;browserType&apos; is required by BeforeClass on method initializeTestBaseSetup but has not been marked @Optional or defined

	at java.base/java.util.ArrayList.forEach(ArrayList.java:1597)
... Removed 30 stack frames</div></td></tr></table><p class="totop"><a href="#summary">back to summary</a></p>
<h3 id="m14">cinema.testcases.admin.CastTest#closeBrowser</h3><table class="result"><tr><th class="invisible"/></tr></table><p class="totop"><a href="#summary">back to summary</a></p>
<h3 id="m15">cinema.testcases.admin.CastTest#setup</h3><table class="result"><tr><th class="invisible"/></tr></table><p class="totop"><a href="#summary">back to summary</a></p>
<h3 id="m16">cinema.testcases.admin.CastTest#tearDown</h3><table class="result"><tr><th class="invisible"/></tr></table><p class="totop"><a href="#summary">back to summary</a></p>
<h3 id="m17">cinema.testcases.admin.CinemaTest#closeBrowser</h3><table class="result"><tr><th class="invisible"/></tr></table><p class="totop"><a href="#summary">back to summary</a></p>
<h3 id="m18">cinema.testcases.admin.CinemaTest#setup</h3><table class="result"><tr><th class="invisible"/></tr></table><p class="totop"><a href="#summary">back to summary</a></p>
<h3 id="m19">cinema.testcases.admin.CinemaTest#tearDown</h3><table class="result"><tr><th class="invisible"/></tr></table><p class="totop"><a href="#summary">back to summary</a></p>
<h3 id="m20">cinema.testcases.admin.ComboTest#closeBrowser</h3><table class="result"><tr><th class="invisible"/></tr></table><p class="totop"><a href="#summary">back to summary</a></p>
<h3 id="m21">cinema.testcases.admin.ComboTest#setup</h3><table class="result"><tr><th class="invisible"/></tr></table><p class="totop"><a href="#summary">back to summary</a></p>
<h3 id="m22">cinema.testcases.admin.ComboTest#tearDown</h3><table class="result"><tr><th class="invisible"/></tr></table><p class="totop"><a href="#summary">back to summary</a></p>
<h3 id="m23">cinema.testcases.admin.CouponTest#closeBrowser</h3><table class="result"><tr><th class="invisible"/></tr></table><p class="totop"><a href="#summary">back to summary</a></p>
<h3 id="m24">cinema.testcases.admin.CouponTest#setup</h3><table class="result"><tr><th class="invisible"/></tr></table><p class="totop"><a href="#summary">back to summary</a></p>
<h3 id="m25">cinema.testcases.admin.CouponTest#tearDown</h3><table class="result"><tr><th class="invisible"/></tr></table><p class="totop"><a href="#summary">back to summary</a></p>
<h3 id="m26">cinema.testcases.admin.DirectorTest#closeBrowser</h3><table class="result"><tr><th class="invisible"/></tr></table><p class="totop"><a href="#summary">back to summary</a></p>
<h3 id="m27">cinema.testcases.admin.DirectorTest#setup</h3><table class="result"><tr><th class="invisible"/></tr></table><p class="totop"><a href="#summary">back to summary</a></p>
<h3 id="m28">cinema.testcases.admin.DirectorTest#tearDown</h3><table class="result"><tr><th class="invisible"/></tr></table><p class="totop"><a href="#summary">back to summary</a></p>
<h3 id="m29">cinema.testcases.admin.GenreTest#closeBrowser</h3><table class="result"><tr><th class="invisible"/></tr></table><p class="totop"><a href="#summary">back to summary</a></p>
<h3 id="m30">cinema.testcases.admin.GenreTest#setup</h3><table class="result"><tr><th class="invisible"/></tr></table><p class="totop"><a href="#summary">back to summary</a></p>
<h3 id="m31">cinema.testcases.admin.GenreTest#tearDown</h3><table class="result"><tr><th class="invisible"/></tr></table><p class="totop"><a href="#summary">back to summary</a></p>
<h3 id="m32">cinema.testcases.admin.LogInAdminTest#closeBrowser</h3><table class="result"><tr><th class="invisible"/></tr></table><p class="totop"><a href="#summary">back to summary</a></p>
<h3 id="m33">cinema.testcases.admin.LogInAdminTest#setup</h3><table class="result"><tr><th class="invisible"/></tr></table><p class="totop"><a href="#summary">back to summary</a></p>
<h3 id="m34">cinema.testcases.admin.LogInAdminTest#tearDown</h3><table class="result"><tr><th class="invisible"/></tr></table><p class="totop"><a href="#summary">back to summary</a></p>
<h3 id="m35">cinema.testcases.admin.MovieTest#closeBrowser</h3><table class="result"><tr><th class="invisible"/></tr></table><p class="totop"><a href="#summary">back to summary</a></p>
<h3 id="m36">cinema.testcases.admin.MovieTest#setup</h3><table class="result"><tr><th class="invisible"/></tr></table><p class="totop"><a href="#summary">back to summary</a></p>
<h3 id="m37">cinema.testcases.admin.MovieTest#tearDown</h3><table class="result"><tr><th class="invisible"/></tr></table><p class="totop"><a href="#summary">back to summary</a></p>
<h3 id="m38">cinema.testcases.admin.NewsTest#closeBrowser</h3><table class="result"><tr><th class="invisible"/></tr></table><p class="totop"><a href="#summary">back to summary</a></p>
<h3 id="m39">cinema.testcases.admin.NewsTest#setup</h3><table class="result"><tr><th class="invisible"/></tr></table><p class="totop"><a href="#summary">back to summary</a></p>
<h3 id="m40">cinema.testcases.admin.NewsTest#tearDown</h3><table class="result"><tr><th class="invisible"/></tr></table><p class="totop"><a href="#summary">back to summary</a></p>
<h3 id="m41">cinema.testcases.admin.RegionTest#closeBrowser</h3><table class="result"><tr><th class="invisible"/></tr></table><p class="totop"><a href="#summary">back to summary</a></p>
<h3 id="m42">cinema.testcases.admin.RegionTest#setup</h3><table class="result"><tr><th class="invisible"/></tr></table><p class="totop"><a href="#summary">back to summary</a></p>
<h3 id="m43">cinema.testcases.admin.RegionTest#tearDown</h3><table class="result"><tr><th class="invisible"/></tr></table><p class="totop"><a href="#summary">back to summary</a></p>
<h3 id="m44">cinema.testcases.admin.ScreenTest#closeBrowser</h3><table class="result"><tr><th class="invisible"/></tr></table><p class="totop"><a href="#summary">back to summary</a></p>
<h3 id="m45">cinema.testcases.admin.ScreenTest#setup</h3><table class="result"><tr><th class="invisible"/></tr></table><p class="totop"><a href="#summary">back to summary</a></p>
<h3 id="m46">cinema.testcases.admin.ScreenTest#tearDown</h3><table class="result"><tr><th class="invisible"/></tr></table><p class="totop"><a href="#summary">back to summary</a></p>
<h3 id="m47">cinema.testcases.admin.ShowTimeTest#closeBrowser</h3><table class="result"><tr><th class="invisible"/></tr></table><p class="totop"><a href="#summary">back to summary</a></p>
<h3 id="m48">cinema.testcases.admin.ShowTimeTest#setup</h3><table class="result"><tr><th class="invisible"/></tr></table><p class="totop"><a href="#summary">back to summary</a></p>
<h3 id="m49">cinema.testcases.admin.ShowTimeTest#tearDown</h3><table class="result"><tr><th class="invisible"/></tr></table><p class="totop"><a href="#summary">back to summary</a></p>
<h3 id="m50">cinema.testcases.admin.TicketPriceTest#closeBrowser</h3><table class="result"><tr><th class="invisible"/></tr></table><p class="totop"><a href="#summary">back to summary</a></p>
<h3 id="m51">cinema.testcases.admin.TicketPriceTest#setup</h3><table class="result"><tr><th class="invisible"/></tr></table><p class="totop"><a href="#summary">back to summary</a></p>
<h3 id="m52">cinema.testcases.admin.TicketPriceTest#tearDown</h3><table class="result"><tr><th class="invisible"/></tr></table><p class="totop"><a href="#summary">back to summary</a></p>
<h3 id="m53">cinema.testcases.admin.UserTest#closeBrowser</h3><table class="result"><tr><th class="invisible"/></tr></table><p class="totop"><a href="#summary">back to summary</a></p>
<h3 id="m54">cinema.testcases.admin.UserTest#setup</h3><table class="result"><tr><th class="invisible"/></tr></table><p class="totop"><a href="#summary">back to summary</a></p>
<h3 id="m55">cinema.testcases.admin.UserTest#tearDown</h3><table class="result"><tr><th class="invisible"/></tr></table><p class="totop"><a href="#summary">back to summary</a></p>
<h3 id="m56">cinema.testcases.admin.CastTest#LogInTest</h3><table class="result"><tr><th>Exception</th></tr><tr><td><div class="stacktrace">org.testng.TestNGException: 
Parameter &apos;browserType&apos; is required by BeforeClass on method initializeTestBaseSetup but has not been marked @Optional or defined

	at java.base/java.util.ArrayList.forEach(ArrayList.java:1597)
... Removed 30 stack frames</div></td></tr></table><p class="totop"><a href="#summary">back to summary</a></p>
<h3 id="m57">cinema.testcases.admin.CastTest#addCastBlankNamePage</h3><table class="result"><tr><th>Exception</th></tr><tr><td><div class="stacktrace">org.testng.TestNGException: 
Parameter &apos;browserType&apos; is required by BeforeClass on method initializeTestBaseSetup but has not been marked @Optional or defined

	at java.base/java.util.ArrayList.forEach(ArrayList.java:1597)
... Removed 30 stack frames</div></td></tr></table><p class="totop"><a href="#summary">back to summary</a></p>
<h3 id="m58">cinema.testcases.admin.CastTest#addCastPage</h3><table class="result"><tr><th>Exception</th></tr><tr><td><div class="stacktrace">org.testng.TestNGException: 
Parameter &apos;browserType&apos; is required by BeforeClass on method initializeTestBaseSetup but has not been marked @Optional or defined

	at java.base/java.util.ArrayList.forEach(ArrayList.java:1597)
... Removed 30 stack frames</div></td></tr></table><p class="totop"><a href="#summary">back to summary</a></p>
<h3 id="m59">cinema.testcases.admin.CastTest#deleteCastPage</h3><table class="result"><tr><th>Exception</th></tr><tr><td><div class="stacktrace">org.testng.TestNGException: 
Parameter &apos;browserType&apos; is required by BeforeClass on method initializeTestBaseSetup but has not been marked @Optional or defined

	at java.base/java.util.ArrayList.forEach(ArrayList.java:1597)
... Removed 30 stack frames</div></td></tr></table><p class="totop"><a href="#summary">back to summary</a></p>
<h3 id="m60">cinema.testcases.admin.CastTest#openCastPage</h3><table class="result"><tr><th>Exception</th></tr><tr><td><div class="stacktrace">org.testng.TestNGException: 
Parameter &apos;browserType&apos; is required by BeforeClass on method initializeTestBaseSetup but has not been marked @Optional or defined

	at java.base/java.util.ArrayList.forEach(ArrayList.java:1597)
... Removed 30 stack frames</div></td></tr></table><p class="totop"><a href="#summary">back to summary</a></p>
<h3 id="m61">cinema.testcases.admin.CastTest#sortAndSearchTypeGenre</h3><table class="result"><tr><th>Exception</th></tr><tr><td><div class="stacktrace">org.testng.TestNGException: 
Parameter &apos;browserType&apos; is required by BeforeClass on method initializeTestBaseSetup but has not been marked @Optional or defined

	at java.base/java.util.ArrayList.forEach(ArrayList.java:1597)
... Removed 30 stack frames</div></td></tr></table><p class="totop"><a href="#summary">back to summary</a></p>
<h3 id="m62">cinema.testcases.admin.CastTest#updateCastPage</h3><table class="result"><tr><th>Exception</th></tr><tr><td><div class="stacktrace">org.testng.TestNGException: 
Parameter &apos;browserType&apos; is required by BeforeClass on method initializeTestBaseSetup but has not been marked @Optional or defined

	at java.base/java.util.ArrayList.forEach(ArrayList.java:1597)
... Removed 30 stack frames</div></td></tr></table><p class="totop"><a href="#summary">back to summary</a></p>
<h3 id="m63">cinema.testcases.admin.CinemaTest#LogInTest</h3><table class="result"><tr><th>Exception</th></tr><tr><td><div class="stacktrace">org.testng.TestNGException: 
Parameter &apos;browserType&apos; is required by BeforeClass on method initializeTestBaseSetup but has not been marked @Optional or defined

	at java.base/java.util.ArrayList.forEach(ArrayList.java:1597)
... Removed 30 stack frames</div></td></tr></table><p class="totop"><a href="#summary">back to summary</a></p>
<h3 id="m64">cinema.testcases.admin.CinemaTest#addCinemaBlankPage</h3><table class="result"><tr><th>Exception</th></tr><tr><td><div class="stacktrace">org.testng.TestNGException: 
Parameter &apos;browserType&apos; is required by BeforeClass on method initializeTestBaseSetup but has not been marked @Optional or defined

	at java.base/java.util.ArrayList.forEach(ArrayList.java:1597)
... Removed 30 stack frames</div></td></tr></table><p class="totop"><a href="#summary">back to summary</a></p>
<h3 id="m65">cinema.testcases.admin.CinemaTest#addCinemaPage</h3><table class="result"><tr><th>Exception</th></tr><tr><td><div class="stacktrace">org.testng.TestNGException: 
Parameter &apos;browserType&apos; is required by BeforeClass on method initializeTestBaseSetup but has not been marked @Optional or defined

	at java.base/java.util.ArrayList.forEach(ArrayList.java:1597)
... Removed 30 stack frames</div></td></tr></table><p class="totop"><a href="#summary">back to summary</a></p>
<h3 id="m66">cinema.testcases.admin.CinemaTest#deleteCinemaPage</h3><table class="result"><tr><th>Exception</th></tr><tr><td><div class="stacktrace">org.testng.TestNGException: 
Parameter &apos;browserType&apos; is required by BeforeClass on method initializeTestBaseSetup but has not been marked @Optional or defined

	at java.base/java.util.ArrayList.forEach(ArrayList.java:1597)
... Removed 30 stack frames</div></td></tr></table><p class="totop"><a href="#summary">back to summary</a></p>
<h3 id="m67">cinema.testcases.admin.CinemaTest#openCinemaPage</h3><table class="result"><tr><th>Exception</th></tr><tr><td><div class="stacktrace">org.testng.TestNGException: 
Parameter &apos;browserType&apos; is required by BeforeClass on method initializeTestBaseSetup but has not been marked @Optional or defined

	at java.base/java.util.ArrayList.forEach(ArrayList.java:1597)
... Removed 30 stack frames</div></td></tr></table><p class="totop"><a href="#summary">back to summary</a></p>
<h3 id="m68">cinema.testcases.admin.CinemaTest#sortAndSearchNameCinemaPage</h3><table class="result"><tr><th>Exception</th></tr><tr><td><div class="stacktrace">org.testng.TestNGException: 
Parameter &apos;browserType&apos; is required by BeforeClass on method initializeTestBaseSetup but has not been marked @Optional or defined

	at java.base/java.util.ArrayList.forEach(ArrayList.java:1597)
... Removed 30 stack frames</div></td></tr></table><p class="totop"><a href="#summary">back to summary</a></p>
<h3 id="m69">cinema.testcases.admin.CinemaTest#updateCinemaPage</h3><table class="result"><tr><th>Exception</th></tr><tr><td><div class="stacktrace">org.testng.TestNGException: 
Parameter &apos;browserType&apos; is required by BeforeClass on method initializeTestBaseSetup but has not been marked @Optional or defined

	at java.base/java.util.ArrayList.forEach(ArrayList.java:1597)
... Removed 30 stack frames</div></td></tr></table><p class="totop"><a href="#summary">back to summary</a></p>
<h3 id="m70">cinema.testcases.admin.ComboTest#LogInTest</h3><table class="result"><tr><th>Exception</th></tr><tr><td><div class="stacktrace">org.testng.TestNGException: 
Parameter &apos;browserType&apos; is required by BeforeClass on method initializeTestBaseSetup but has not been marked @Optional or defined

	at java.base/java.util.ArrayList.forEach(ArrayList.java:1597)
... Removed 30 stack frames</div></td></tr></table><p class="totop"><a href="#summary">back to summary</a></p>
<h3 id="m71">cinema.testcases.admin.ComboTest#addBlankComboPage</h3><table class="result"><tr><th>Exception</th></tr><tr><td><div class="stacktrace">org.testng.TestNGException: 
Parameter &apos;browserType&apos; is required by BeforeClass on method initializeTestBaseSetup but has not been marked @Optional or defined

	at java.base/java.util.ArrayList.forEach(ArrayList.java:1597)
... Removed 30 stack frames</div></td></tr></table><p class="totop"><a href="#summary">back to summary</a></p>
<h3 id="m72">cinema.testcases.admin.ComboTest#addComboPage</h3><table class="result"><tr><th>Exception</th></tr><tr><td><div class="stacktrace">org.testng.TestNGException: 
Parameter &apos;browserType&apos; is required by BeforeClass on method initializeTestBaseSetup but has not been marked @Optional or defined

	at java.base/java.util.ArrayList.forEach(ArrayList.java:1597)
... Removed 30 stack frames</div></td></tr></table><p class="totop"><a href="#summary">back to summary</a></p>
<h3 id="m73">cinema.testcases.admin.ComboTest#deleteComboPage</h3><table class="result"><tr><th>Exception</th></tr><tr><td><div class="stacktrace">org.testng.TestNGException: 
Parameter &apos;browserType&apos; is required by BeforeClass on method initializeTestBaseSetup but has not been marked @Optional or defined

	at java.base/java.util.ArrayList.forEach(ArrayList.java:1597)
... Removed 30 stack frames</div></td></tr></table><p class="totop"><a href="#summary">back to summary</a></p>
<h3 id="m74">cinema.testcases.admin.ComboTest#openComboPage</h3><table class="result"><tr><th>Exception</th></tr><tr><td><div class="stacktrace">org.testng.TestNGException: 
Parameter &apos;browserType&apos; is required by BeforeClass on method initializeTestBaseSetup but has not been marked @Optional or defined

	at java.base/java.util.ArrayList.forEach(ArrayList.java:1597)
... Removed 30 stack frames</div></td></tr></table><p class="totop"><a href="#summary">back to summary</a></p>
<h3 id="m75">cinema.testcases.admin.ComboTest#sortAndSearchNameComboPage</h3><table class="result"><tr><th>Exception</th></tr><tr><td><div class="stacktrace">org.testng.TestNGException: 
Parameter &apos;browserType&apos; is required by BeforeClass on method initializeTestBaseSetup but has not been marked @Optional or defined

	at java.base/java.util.ArrayList.forEach(ArrayList.java:1597)
... Removed 30 stack frames</div></td></tr></table><p class="totop"><a href="#summary">back to summary</a></p>
<h3 id="m76">cinema.testcases.admin.ComboTest#updateComboPage</h3><table class="result"><tr><th>Exception</th></tr><tr><td><div class="stacktrace">org.testng.TestNGException: 
Parameter &apos;browserType&apos; is required by BeforeClass on method initializeTestBaseSetup but has not been marked @Optional or defined

	at java.base/java.util.ArrayList.forEach(ArrayList.java:1597)
... Removed 30 stack frames</div></td></tr></table><p class="totop"><a href="#summary">back to summary</a></p>
<h3 id="m77">cinema.testcases.admin.CouponTest#LogInTest</h3><table class="result"><tr><th>Exception</th></tr><tr><td><div class="stacktrace">org.testng.TestNGException: 
Parameter &apos;browserType&apos; is required by BeforeClass on method initializeTestBaseSetup but has not been marked @Optional or defined

	at java.base/java.util.ArrayList.forEach(ArrayList.java:1597)
... Removed 30 stack frames</div></td></tr></table><p class="totop"><a href="#summary">back to summary</a></p>
<h3 id="m78">cinema.testcases.admin.CouponTest#addBlankCouponPage</h3><table class="result"><tr><th>Exception</th></tr><tr><td><div class="stacktrace">org.testng.TestNGException: 
Parameter &apos;browserType&apos; is required by BeforeClass on method initializeTestBaseSetup but has not been marked @Optional or defined

	at java.base/java.util.ArrayList.forEach(ArrayList.java:1597)
... Removed 30 stack frames</div></td></tr></table><p class="totop"><a href="#summary">back to summary</a></p>
<h3 id="m79">cinema.testcases.admin.CouponTest#addCouponEndDateLessStartDatePage</h3><table class="result"><tr><th>Exception</th></tr><tr><td><div class="stacktrace">org.testng.TestNGException: 
Parameter &apos;browserType&apos; is required by BeforeClass on method initializeTestBaseSetup but has not been marked @Optional or defined

	at java.base/java.util.ArrayList.forEach(ArrayList.java:1597)
... Removed 30 stack frames</div></td></tr></table><p class="totop"><a href="#summary">back to summary</a></p>
<h3 id="m80">cinema.testcases.admin.CouponTest#addCouponPage</h3><table class="result"><tr><th>Exception</th></tr><tr><td><div class="stacktrace">org.testng.TestNGException: 
Parameter &apos;browserType&apos; is required by BeforeClass on method initializeTestBaseSetup but has not been marked @Optional or defined

	at java.base/java.util.ArrayList.forEach(ArrayList.java:1597)
... Removed 30 stack frames</div></td></tr></table><p class="totop"><a href="#summary">back to summary</a></p>
<h3 id="m81">cinema.testcases.admin.CouponTest#deleteCouponPage</h3><table class="result"><tr><th>Exception</th></tr><tr><td><div class="stacktrace">org.testng.TestNGException: 
Parameter &apos;browserType&apos; is required by BeforeClass on method initializeTestBaseSetup but has not been marked @Optional or defined

	at java.base/java.util.ArrayList.forEach(ArrayList.java:1597)
... Removed 30 stack frames</div></td></tr></table><p class="totop"><a href="#summary">back to summary</a></p>
<h3 id="m82">cinema.testcases.admin.CouponTest#openCouponPage</h3><table class="result"><tr><th>Exception</th></tr><tr><td><div class="stacktrace">org.testng.TestNGException: 
Parameter &apos;browserType&apos; is required by BeforeClass on method initializeTestBaseSetup but has not been marked @Optional or defined

	at java.base/java.util.ArrayList.forEach(ArrayList.java:1597)
... Removed 30 stack frames</div></td></tr></table><p class="totop"><a href="#summary">back to summary</a></p>
<h3 id="m83">cinema.testcases.admin.CouponTest#sortAndSearchNameCouponPage</h3><table class="result"><tr><th>Exception</th></tr><tr><td><div class="stacktrace">org.testng.TestNGException: 
Parameter &apos;browserType&apos; is required by BeforeClass on method initializeTestBaseSetup but has not been marked @Optional or defined

	at java.base/java.util.ArrayList.forEach(ArrayList.java:1597)
... Removed 30 stack frames</div></td></tr></table><p class="totop"><a href="#summary">back to summary</a></p>
<h3 id="m84">cinema.testcases.admin.CouponTest#updateCouponPage</h3><table class="result"><tr><th>Exception</th></tr><tr><td><div class="stacktrace">org.testng.TestNGException: 
Parameter &apos;browserType&apos; is required by BeforeClass on method initializeTestBaseSetup but has not been marked @Optional or defined

	at java.base/java.util.ArrayList.forEach(ArrayList.java:1597)
... Removed 30 stack frames</div></td></tr></table><p class="totop"><a href="#summary">back to summary</a></p>
<h3 id="m85">cinema.testcases.admin.DirectorTest#LogInTest</h3><table class="result"><tr><th>Exception</th></tr><tr><td><div class="stacktrace">org.testng.TestNGException: 
Parameter &apos;browserType&apos; is required by BeforeClass on method initializeTestBaseSetup but has not been marked @Optional or defined

	at java.base/java.util.ArrayList.forEach(ArrayList.java:1597)
... Removed 30 stack frames</div></td></tr></table><p class="totop"><a href="#summary">back to summary</a></p>
<h3 id="m86">cinema.testcases.admin.DirectorTest#addDirectorBlankNamePage</h3><table class="result"><tr><th>Exception</th></tr><tr><td><div class="stacktrace">org.testng.TestNGException: 
Parameter &apos;browserType&apos; is required by BeforeClass on method initializeTestBaseSetup but has not been marked @Optional or defined

	at java.base/java.util.ArrayList.forEach(ArrayList.java:1597)
... Removed 30 stack frames</div></td></tr></table><p class="totop"><a href="#summary">back to summary</a></p>
<h3 id="m87">cinema.testcases.admin.DirectorTest#addDirectorPage</h3><table class="result"><tr><th>Exception</th></tr><tr><td><div class="stacktrace">org.testng.TestNGException: 
Parameter &apos;browserType&apos; is required by BeforeClass on method initializeTestBaseSetup but has not been marked @Optional or defined

	at java.base/java.util.ArrayList.forEach(ArrayList.java:1597)
... Removed 30 stack frames</div></td></tr></table><p class="totop"><a href="#summary">back to summary</a></p>
<h3 id="m88">cinema.testcases.admin.DirectorTest#deleteDirectorPage</h3><table class="result"><tr><th>Exception</th></tr><tr><td><div class="stacktrace">org.testng.TestNGException: 
Parameter &apos;browserType&apos; is required by BeforeClass on method initializeTestBaseSetup but has not been marked @Optional or defined

	at java.base/java.util.ArrayList.forEach(ArrayList.java:1597)
... Removed 30 stack frames</div></td></tr></table><p class="totop"><a href="#summary">back to summary</a></p>
<h3 id="m89">cinema.testcases.admin.DirectorTest#openDirectorPage</h3><table class="result"><tr><th>Exception</th></tr><tr><td><div class="stacktrace">org.testng.TestNGException: 
Parameter &apos;browserType&apos; is required by BeforeClass on method initializeTestBaseSetup but has not been marked @Optional or defined

	at java.base/java.util.ArrayList.forEach(ArrayList.java:1597)
... Removed 30 stack frames</div></td></tr></table><p class="totop"><a href="#summary">back to summary</a></p>
<h3 id="m90">cinema.testcases.admin.DirectorTest#sortAndSearchNameDirectorPage</h3><table class="result"><tr><th>Exception</th></tr><tr><td><div class="stacktrace">org.testng.TestNGException: 
Parameter &apos;browserType&apos; is required by BeforeClass on method initializeTestBaseSetup but has not been marked @Optional or defined

	at java.base/java.util.ArrayList.forEach(ArrayList.java:1597)
... Removed 30 stack frames</div></td></tr></table><p class="totop"><a href="#summary">back to summary</a></p>
<h3 id="m91">cinema.testcases.admin.DirectorTest#updateDirectorPage</h3><table class="result"><tr><th>Exception</th></tr><tr><td><div class="stacktrace">org.testng.TestNGException: 
Parameter &apos;browserType&apos; is required by BeforeClass on method initializeTestBaseSetup but has not been marked @Optional or defined

	at java.base/java.util.ArrayList.forEach(ArrayList.java:1597)
... Removed 30 stack frames</div></td></tr></table><p class="totop"><a href="#summary">back to summary</a></p>
<h3 id="m92">cinema.testcases.admin.GenreTest#LogInTest</h3><table class="result"><tr><th>Exception</th></tr><tr><td><div class="stacktrace">org.testng.TestNGException: 
Parameter &apos;browserType&apos; is required by BeforeClass on method initializeTestBaseSetup but has not been marked @Optional or defined

	at java.base/java.util.ArrayList.forEach(ArrayList.java:1597)
... Removed 30 stack frames</div></td></tr></table><p class="totop"><a href="#summary">back to summary</a></p>
<h3 id="m93">cinema.testcases.admin.GenreTest#addGenreAvailPage</h3><table class="result"><tr><th>Exception</th></tr><tr><td><div class="stacktrace">org.testng.TestNGException: 
Parameter &apos;browserType&apos; is required by BeforeClass on method initializeTestBaseSetup but has not been marked @Optional or defined

	at java.base/java.util.ArrayList.forEach(ArrayList.java:1597)
... Removed 30 stack frames</div></td></tr></table><p class="totop"><a href="#summary">back to summary</a></p>
<h3 id="m94">cinema.testcases.admin.GenreTest#addGenreBlankPage</h3><table class="result"><tr><th>Exception</th></tr><tr><td><div class="stacktrace">org.testng.TestNGException: 
Parameter &apos;browserType&apos; is required by BeforeClass on method initializeTestBaseSetup but has not been marked @Optional or defined

	at java.base/java.util.ArrayList.forEach(ArrayList.java:1597)
... Removed 30 stack frames</div></td></tr></table><p class="totop"><a href="#summary">back to summary</a></p>
<h3 id="m95">cinema.testcases.admin.GenreTest#addGenrePage</h3><table class="result"><tr><th>Exception</th></tr><tr><td><div class="stacktrace">org.testng.TestNGException: 
Parameter &apos;browserType&apos; is required by BeforeClass on method initializeTestBaseSetup but has not been marked @Optional or defined

	at java.base/java.util.ArrayList.forEach(ArrayList.java:1597)
... Removed 30 stack frames</div></td></tr></table><p class="totop"><a href="#summary">back to summary</a></p>
<h3 id="m96">cinema.testcases.admin.GenreTest#deleteGenrePage</h3><table class="result"><tr><th>Exception</th></tr><tr><td><div class="stacktrace">org.testng.TestNGException: 
Parameter &apos;browserType&apos; is required by BeforeClass on method initializeTestBaseSetup but has not been marked @Optional or defined

	at java.base/java.util.ArrayList.forEach(ArrayList.java:1597)
... Removed 30 stack frames</div></td></tr></table><p class="totop"><a href="#summary">back to summary</a></p>
<h3 id="m97">cinema.testcases.admin.GenreTest#openGenrePage</h3><table class="result"><tr><th>Exception</th></tr><tr><td><div class="stacktrace">org.testng.TestNGException: 
Parameter &apos;browserType&apos; is required by BeforeClass on method initializeTestBaseSetup but has not been marked @Optional or defined

	at java.base/java.util.ArrayList.forEach(ArrayList.java:1597)
... Removed 30 stack frames</div></td></tr></table><p class="totop"><a href="#summary">back to summary</a></p>
<h3 id="m98">cinema.testcases.admin.GenreTest#sortAndSearchGenrePage</h3><table class="result"><tr><th>Exception</th></tr><tr><td><div class="stacktrace">org.testng.TestNGException: 
Parameter &apos;browserType&apos; is required by BeforeClass on method initializeTestBaseSetup but has not been marked @Optional or defined

	at java.base/java.util.ArrayList.forEach(ArrayList.java:1597)
... Removed 30 stack frames</div></td></tr></table><p class="totop"><a href="#summary">back to summary</a></p>
<h3 id="m99">cinema.testcases.admin.GenreTest#updateGenrePage</h3><table class="result"><tr><th>Exception</th></tr><tr><td><div class="stacktrace">org.testng.TestNGException: 
Parameter &apos;browserType&apos; is required by BeforeClass on method initializeTestBaseSetup but has not been marked @Optional or defined

	at java.base/java.util.ArrayList.forEach(ArrayList.java:1597)
... Removed 30 stack frames</div></td></tr></table><p class="totop"><a href="#summary">back to summary</a></p>
<h3 id="m100">cinema.testcases.admin.LogInAdminTest#LogInTest</h3><table class="result"><tr><th>Exception</th></tr><tr><td><div class="stacktrace">org.testng.TestNGException: 
Parameter &apos;browserType&apos; is required by BeforeClass on method initializeTestBaseSetup but has not been marked @Optional or defined

	at java.base/java.util.ArrayList.forEach(ArrayList.java:1597)
... Removed 30 stack frames</div></td></tr></table><p class="totop"><a href="#summary">back to summary</a></p>
<h3 id="m101">cinema.testcases.admin.LogInAdminTest#LoginAdminWithBlankEmail</h3><table class="result"><tr><th>Exception</th></tr><tr><td><div class="stacktrace">org.testng.TestNGException: 
Parameter &apos;browserType&apos; is required by BeforeClass on method initializeTestBaseSetup but has not been marked @Optional or defined

	at java.base/java.util.ArrayList.forEach(ArrayList.java:1597)
... Removed 30 stack frames</div></td></tr></table><p class="totop"><a href="#summary">back to summary</a></p>
<h3 id="m102">cinema.testcases.admin.LogInAdminTest#LoginAdminWithBlankPAccount</h3><table class="result"><tr><th>Exception</th></tr><tr><td><div class="stacktrace">org.testng.TestNGException: 
Parameter &apos;browserType&apos; is required by BeforeClass on method initializeTestBaseSetup but has not been marked @Optional or defined

	at java.base/java.util.ArrayList.forEach(ArrayList.java:1597)
... Removed 30 stack frames</div></td></tr></table><p class="totop"><a href="#summary">back to summary</a></p>
<h3 id="m103">cinema.testcases.admin.LogInAdminTest#LoginAdminWithBlankPassword</h3><table class="result"><tr><th>Exception</th></tr><tr><td><div class="stacktrace">org.testng.TestNGException: 
Parameter &apos;browserType&apos; is required by BeforeClass on method initializeTestBaseSetup but has not been marked @Optional or defined

	at java.base/java.util.ArrayList.forEach(ArrayList.java:1597)
... Removed 30 stack frames</div></td></tr></table><p class="totop"><a href="#summary">back to summary</a></p>
<h3 id="m104">cinema.testcases.admin.LogInAdminTest#LoginAdminWithInvalidEmail</h3><table class="result"><tr><th>Exception</th></tr><tr><td><div class="stacktrace">org.testng.TestNGException: 
Parameter &apos;browserType&apos; is required by BeforeClass on method initializeTestBaseSetup but has not been marked @Optional or defined

	at java.base/java.util.ArrayList.forEach(ArrayList.java:1597)
... Removed 30 stack frames</div></td></tr></table><p class="totop"><a href="#summary">back to summary</a></p>
<h3 id="m105">cinema.testcases.admin.LogInAdminTest#LoginAdminWithInvalidPassword</h3><table class="result"><tr><th>Exception</th></tr><tr><td><div class="stacktrace">org.testng.TestNGException: 
Parameter &apos;browserType&apos; is required by BeforeClass on method initializeTestBaseSetup but has not been marked @Optional or defined

	at java.base/java.util.ArrayList.forEach(ArrayList.java:1597)
... Removed 30 stack frames</div></td></tr></table><p class="totop"><a href="#summary">back to summary</a></p>
<h3 id="m106">cinema.testcases.admin.LogInAdminTest#TestPasswordVisibility</h3><table class="result"><tr><th>Exception</th></tr><tr><td><div class="stacktrace">org.testng.TestNGException: 
Parameter &apos;browserType&apos; is required by BeforeClass on method initializeTestBaseSetup but has not been marked @Optional or defined

	at java.base/java.util.ArrayList.forEach(ArrayList.java:1597)
... Removed 30 stack frames</div></td></tr></table><p class="totop"><a href="#summary">back to summary</a></p>
<h3 id="m107">cinema.testcases.admin.MovieTest#LogInTest</h3><table class="result"><tr><th>Exception</th></tr><tr><td><div class="stacktrace">org.testng.TestNGException: 
Parameter &apos;browserType&apos; is required by BeforeClass on method initializeTestBaseSetup but has not been marked @Optional or defined

	at java.base/java.util.ArrayList.forEach(ArrayList.java:1597)
... Removed 30 stack frames</div></td></tr></table><p class="totop"><a href="#summary">back to summary</a></p>
<h3 id="m108">cinema.testcases.admin.MovieTest#addBlankMoviePage</h3><table class="result"><tr><th>Exception</th></tr><tr><td><div class="stacktrace">org.testng.TestNGException: 
Parameter &apos;browserType&apos; is required by BeforeClass on method initializeTestBaseSetup but has not been marked @Optional or defined

	at java.base/java.util.ArrayList.forEach(ArrayList.java:1597)
... Removed 30 stack frames</div></td></tr></table><p class="totop"><a href="#summary">back to summary</a></p>
<h3 id="m109">cinema.testcases.admin.MovieTest#addMoviePage</h3><table class="result"><tr><th>Exception</th></tr><tr><td><div class="stacktrace">org.testng.TestNGException: 
Parameter &apos;browserType&apos; is required by BeforeClass on method initializeTestBaseSetup but has not been marked @Optional or defined

	at java.base/java.util.ArrayList.forEach(ArrayList.java:1597)
... Removed 30 stack frames</div></td></tr></table><p class="totop"><a href="#summary">back to summary</a></p>
<h3 id="m110">cinema.testcases.admin.MovieTest#deleteMoviePage</h3><table class="result"><tr><th>Exception</th></tr><tr><td><div class="stacktrace">org.testng.TestNGException: 
Parameter &apos;browserType&apos; is required by BeforeClass on method initializeTestBaseSetup but has not been marked @Optional or defined

	at java.base/java.util.ArrayList.forEach(ArrayList.java:1597)
... Removed 30 stack frames</div></td></tr></table><p class="totop"><a href="#summary">back to summary</a></p>
<h3 id="m111">cinema.testcases.admin.MovieTest#openMoviePage</h3><table class="result"><tr><th>Exception</th></tr><tr><td><div class="stacktrace">org.testng.TestNGException: 
Parameter &apos;browserType&apos; is required by BeforeClass on method initializeTestBaseSetup but has not been marked @Optional or defined

	at java.base/java.util.ArrayList.forEach(ArrayList.java:1597)
... Removed 30 stack frames</div></td></tr></table><p class="totop"><a href="#summary">back to summary</a></p>
<h3 id="m112">cinema.testcases.admin.MovieTest#updateMoviePage</h3><table class="result"><tr><th>Exception</th></tr><tr><td><div class="stacktrace">org.testng.TestNGException: 
Parameter &apos;browserType&apos; is required by BeforeClass on method initializeTestBaseSetup but has not been marked @Optional or defined

	at java.base/java.util.ArrayList.forEach(ArrayList.java:1597)
... Removed 30 stack frames</div></td></tr></table><p class="totop"><a href="#summary">back to summary</a></p>
<h3 id="m113">cinema.testcases.admin.NewsTest#LogInTest</h3><table class="result"><tr><th>Exception</th></tr><tr><td><div class="stacktrace">org.testng.TestNGException: 
Parameter &apos;browserType&apos; is required by BeforeClass on method initializeTestBaseSetup but has not been marked @Optional or defined

	at java.base/java.util.ArrayList.forEach(ArrayList.java:1597)
... Removed 30 stack frames</div></td></tr></table><p class="totop"><a href="#summary">back to summary</a></p>
<h3 id="m114">cinema.testcases.admin.NewsTest#addBlankNewsPage</h3><table class="result"><tr><th>Exception</th></tr><tr><td><div class="stacktrace">org.testng.TestNGException: 
Parameter &apos;browserType&apos; is required by BeforeClass on method initializeTestBaseSetup but has not been marked @Optional or defined

	at java.base/java.util.ArrayList.forEach(ArrayList.java:1597)
... Removed 30 stack frames</div></td></tr></table><p class="totop"><a href="#summary">back to summary</a></p>
<h3 id="m115">cinema.testcases.admin.NewsTest#addNewsPage</h3><table class="result"><tr><th>Exception</th></tr><tr><td><div class="stacktrace">org.testng.TestNGException: 
Parameter &apos;browserType&apos; is required by BeforeClass on method initializeTestBaseSetup but has not been marked @Optional or defined

	at java.base/java.util.ArrayList.forEach(ArrayList.java:1597)
... Removed 30 stack frames</div></td></tr></table><p class="totop"><a href="#summary">back to summary</a></p>
<h3 id="m116">cinema.testcases.admin.NewsTest#deleteNewsPage</h3><table class="result"><tr><th>Exception</th></tr><tr><td><div class="stacktrace">org.testng.TestNGException: 
Parameter &apos;browserType&apos; is required by BeforeClass on method initializeTestBaseSetup but has not been marked @Optional or defined

	at java.base/java.util.ArrayList.forEach(ArrayList.java:1597)
... Removed 30 stack frames</div></td></tr></table><p class="totop"><a href="#summary">back to summary</a></p>
<h3 id="m117">cinema.testcases.admin.NewsTest#openNewsPage</h3><table class="result"><tr><th>Exception</th></tr><tr><td><div class="stacktrace">org.testng.TestNGException: 
Parameter &apos;browserType&apos; is required by BeforeClass on method initializeTestBaseSetup but has not been marked @Optional or defined

	at java.base/java.util.ArrayList.forEach(ArrayList.java:1597)
... Removed 30 stack frames</div></td></tr></table><p class="totop"><a href="#summary">back to summary</a></p>
<h3 id="m118">cinema.testcases.admin.NewsTest#sortAndSearchNameNewsPage</h3><table class="result"><tr><th>Exception</th></tr><tr><td><div class="stacktrace">org.testng.TestNGException: 
Parameter &apos;browserType&apos; is required by BeforeClass on method initializeTestBaseSetup but has not been marked @Optional or defined

	at java.base/java.util.ArrayList.forEach(ArrayList.java:1597)
... Removed 30 stack frames</div></td></tr></table><p class="totop"><a href="#summary">back to summary</a></p>
<h3 id="m119">cinema.testcases.admin.NewsTest#updateNewsPage</h3><table class="result"><tr><th>Exception</th></tr><tr><td><div class="stacktrace">org.testng.TestNGException: 
Parameter &apos;browserType&apos; is required by BeforeClass on method initializeTestBaseSetup but has not been marked @Optional or defined

	at java.base/java.util.ArrayList.forEach(ArrayList.java:1597)
... Removed 30 stack frames</div></td></tr></table><p class="totop"><a href="#summary">back to summary</a></p>
<h3 id="m120">cinema.testcases.admin.RegionTest#LogInTest</h3><table class="result"><tr><th>Exception</th></tr><tr><td><div class="stacktrace">org.testng.TestNGException: 
Parameter &apos;browserType&apos; is required by BeforeClass on method initializeTestBaseSetup but has not been marked @Optional or defined

	at java.base/java.util.ArrayList.forEach(ArrayList.java:1597)
... Removed 30 stack frames</div></td></tr></table><p class="totop"><a href="#summary">back to summary</a></p>
<h3 id="m121">cinema.testcases.admin.RegionTest#addRegionAvailPage</h3><table class="result"><tr><th>Exception</th></tr><tr><td><div class="stacktrace">org.testng.TestNGException: 
Parameter &apos;browserType&apos; is required by BeforeClass on method initializeTestBaseSetup but has not been marked @Optional or defined

	at java.base/java.util.ArrayList.forEach(ArrayList.java:1597)
... Removed 30 stack frames</div></td></tr></table><p class="totop"><a href="#summary">back to summary</a></p>
<h3 id="m122">cinema.testcases.admin.RegionTest#addRegionBlankPage</h3><table class="result"><tr><th>Exception</th></tr><tr><td><div class="stacktrace">org.testng.TestNGException: 
Parameter &apos;browserType&apos; is required by BeforeClass on method initializeTestBaseSetup but has not been marked @Optional or defined

	at java.base/java.util.ArrayList.forEach(ArrayList.java:1597)
... Removed 30 stack frames</div></td></tr></table><p class="totop"><a href="#summary">back to summary</a></p>
<h3 id="m123">cinema.testcases.admin.RegionTest#addRegionPage</h3><table class="result"><tr><th>Exception</th></tr><tr><td><div class="stacktrace">org.testng.TestNGException: 
Parameter &apos;browserType&apos; is required by BeforeClass on method initializeTestBaseSetup but has not been marked @Optional or defined

	at java.base/java.util.ArrayList.forEach(ArrayList.java:1597)
... Removed 30 stack frames</div></td></tr></table><p class="totop"><a href="#summary">back to summary</a></p>
<h3 id="m124">cinema.testcases.admin.RegionTest#deleteRegionPage</h3><table class="result"><tr><th>Exception</th></tr><tr><td><div class="stacktrace">org.testng.TestNGException: 
Parameter &apos;browserType&apos; is required by BeforeClass on method initializeTestBaseSetup but has not been marked @Optional or defined

	at java.base/java.util.ArrayList.forEach(ArrayList.java:1597)
... Removed 30 stack frames</div></td></tr></table><p class="totop"><a href="#summary">back to summary</a></p>
<h3 id="m125">cinema.testcases.admin.RegionTest#openRegionPage</h3><table class="result"><tr><th>Exception</th></tr><tr><td><div class="stacktrace">org.testng.TestNGException: 
Parameter &apos;browserType&apos; is required by BeforeClass on method initializeTestBaseSetup but has not been marked @Optional or defined

	at java.base/java.util.ArrayList.forEach(ArrayList.java:1597)
... Removed 30 stack frames</div></td></tr></table><p class="totop"><a href="#summary">back to summary</a></p>
<h3 id="m126">cinema.testcases.admin.RegionTest#sortAndSearchRegionPage</h3><table class="result"><tr><th>Exception</th></tr><tr><td><div class="stacktrace">org.testng.TestNGException: 
Parameter &apos;browserType&apos; is required by BeforeClass on method initializeTestBaseSetup but has not been marked @Optional or defined

	at java.base/java.util.ArrayList.forEach(ArrayList.java:1597)
... Removed 30 stack frames</div></td></tr></table><p class="totop"><a href="#summary">back to summary</a></p>
<h3 id="m127">cinema.testcases.admin.RegionTest#updateRegionPage</h3><table class="result"><tr><th>Exception</th></tr><tr><td><div class="stacktrace">org.testng.TestNGException: 
Parameter &apos;browserType&apos; is required by BeforeClass on method initializeTestBaseSetup but has not been marked @Optional or defined

	at java.base/java.util.ArrayList.forEach(ArrayList.java:1597)
... Removed 30 stack frames</div></td></tr></table><p class="totop"><a href="#summary">back to summary</a></p>
<h3 id="m128">cinema.testcases.admin.ScreenTest#LogInTest</h3><table class="result"><tr><th>Exception</th></tr><tr><td><div class="stacktrace">org.testng.TestNGException: 
Parameter &apos;browserType&apos; is required by BeforeClass on method initializeTestBaseSetup but has not been marked @Optional or defined

	at java.base/java.util.ArrayList.forEach(ArrayList.java:1597)
... Removed 30 stack frames</div></td></tr></table><p class="totop"><a href="#summary">back to summary</a></p>
<h3 id="m129">cinema.testcases.admin.ScreenTest#addBlankScreenPage</h3><table class="result"><tr><th>Exception</th></tr><tr><td><div class="stacktrace">org.testng.TestNGException: 
Parameter &apos;browserType&apos; is required by BeforeClass on method initializeTestBaseSetup but has not been marked @Optional or defined

	at java.base/java.util.ArrayList.forEach(ArrayList.java:1597)
... Removed 30 stack frames</div></td></tr></table><p class="totop"><a href="#summary">back to summary</a></p>
<h3 id="m130">cinema.testcases.admin.ScreenTest#addScreenPage</h3><table class="result"><tr><th>Exception</th></tr><tr><td><div class="stacktrace">org.testng.TestNGException: 
Parameter &apos;browserType&apos; is required by BeforeClass on method initializeTestBaseSetup but has not been marked @Optional or defined

	at java.base/java.util.ArrayList.forEach(ArrayList.java:1597)
... Removed 30 stack frames</div></td></tr></table><p class="totop"><a href="#summary">back to summary</a></p>
<h3 id="m131">cinema.testcases.admin.ScreenTest#deleteScreenPage</h3><table class="result"><tr><th>Exception</th></tr><tr><td><div class="stacktrace">org.testng.TestNGException: 
Parameter &apos;browserType&apos; is required by BeforeClass on method initializeTestBaseSetup but has not been marked @Optional or defined

	at java.base/java.util.ArrayList.forEach(ArrayList.java:1597)
... Removed 30 stack frames</div></td></tr></table><p class="totop"><a href="#summary">back to summary</a></p>
<h3 id="m132">cinema.testcases.admin.ScreenTest#openScreenPage</h3><table class="result"><tr><th>Exception</th></tr><tr><td><div class="stacktrace">org.testng.TestNGException: 
Parameter &apos;browserType&apos; is required by BeforeClass on method initializeTestBaseSetup but has not been marked @Optional or defined

	at java.base/java.util.ArrayList.forEach(ArrayList.java:1597)
... Removed 30 stack frames</div></td></tr></table><p class="totop"><a href="#summary">back to summary</a></p>
<h3 id="m133">cinema.testcases.admin.ScreenTest#sortAndSearchNameScreenPage</h3><table class="result"><tr><th>Exception</th></tr><tr><td><div class="stacktrace">org.testng.TestNGException: 
Parameter &apos;browserType&apos; is required by BeforeClass on method initializeTestBaseSetup but has not been marked @Optional or defined

	at java.base/java.util.ArrayList.forEach(ArrayList.java:1597)
... Removed 30 stack frames</div></td></tr></table><p class="totop"><a href="#summary">back to summary</a></p>
<h3 id="m134">cinema.testcases.admin.ScreenTest#updateScreenPage</h3><table class="result"><tr><th>Exception</th></tr><tr><td><div class="stacktrace">org.testng.TestNGException: 
Parameter &apos;browserType&apos; is required by BeforeClass on method initializeTestBaseSetup but has not been marked @Optional or defined

	at java.base/java.util.ArrayList.forEach(ArrayList.java:1597)
... Removed 30 stack frames</div></td></tr></table><p class="totop"><a href="#summary">back to summary</a></p>
<h3 id="m135">cinema.testcases.admin.ScreenTest#viewScreenPage</h3><table class="result"><tr><th>Exception</th></tr><tr><td><div class="stacktrace">org.testng.TestNGException: 
Parameter &apos;browserType&apos; is required by BeforeClass on method initializeTestBaseSetup but has not been marked @Optional or defined

	at java.base/java.util.ArrayList.forEach(ArrayList.java:1597)
... Removed 30 stack frames</div></td></tr></table><p class="totop"><a href="#summary">back to summary</a></p>
<h3 id="m136">cinema.testcases.admin.ShowTimeTest#LogInTest</h3><table class="result"><tr><th>Exception</th></tr><tr><td><div class="stacktrace">org.testng.TestNGException: 
Parameter &apos;browserType&apos; is required by BeforeClass on method initializeTestBaseSetup but has not been marked @Optional or defined

	at java.base/java.util.ArrayList.forEach(ArrayList.java:1597)
... Removed 30 stack frames</div></td></tr></table><p class="totop"><a href="#summary">back to summary</a></p>
<h3 id="m137">cinema.testcases.admin.ShowTimeTest#addBlankShowTimePage</h3><table class="result"><tr><th>Exception</th></tr><tr><td><div class="stacktrace">org.testng.TestNGException: 
Parameter &apos;browserType&apos; is required by BeforeClass on method initializeTestBaseSetup but has not been marked @Optional or defined

	at java.base/java.util.ArrayList.forEach(ArrayList.java:1597)
... Removed 30 stack frames</div></td></tr></table><p class="totop"><a href="#summary">back to summary</a></p>
<h3 id="m138">cinema.testcases.admin.ShowTimeTest#addShowTimePage</h3><table class="result"><tr><th>Exception</th></tr><tr><td><div class="stacktrace">org.testng.TestNGException: 
Parameter &apos;browserType&apos; is required by BeforeClass on method initializeTestBaseSetup but has not been marked @Optional or defined

	at java.base/java.util.ArrayList.forEach(ArrayList.java:1597)
... Removed 30 stack frames</div></td></tr></table><p class="totop"><a href="#summary">back to summary</a></p>
<h3 id="m139">cinema.testcases.admin.ShowTimeTest#deleteShowTimePage</h3><table class="result"><tr><th>Exception</th></tr><tr><td><div class="stacktrace">org.testng.TestNGException: 
Parameter &apos;browserType&apos; is required by BeforeClass on method initializeTestBaseSetup but has not been marked @Optional or defined

	at java.base/java.util.ArrayList.forEach(ArrayList.java:1597)
... Removed 30 stack frames</div></td></tr></table><p class="totop"><a href="#summary">back to summary</a></p>
<h3 id="m140">cinema.testcases.admin.ShowTimeTest#openShowTimePage</h3><table class="result"><tr><th>Exception</th></tr><tr><td><div class="stacktrace">org.testng.TestNGException: 
Parameter &apos;browserType&apos; is required by BeforeClass on method initializeTestBaseSetup but has not been marked @Optional or defined

	at java.base/java.util.ArrayList.forEach(ArrayList.java:1597)
... Removed 30 stack frames</div></td></tr></table><p class="totop"><a href="#summary">back to summary</a></p>
<h3 id="m141">cinema.testcases.admin.ShowTimeTest#searchShowTimePage</h3><table class="result"><tr><th>Exception</th></tr><tr><td><div class="stacktrace">org.testng.TestNGException: 
Parameter &apos;browserType&apos; is required by BeforeClass on method initializeTestBaseSetup but has not been marked @Optional or defined

	at java.base/java.util.ArrayList.forEach(ArrayList.java:1597)
... Removed 30 stack frames</div></td></tr></table><p class="totop"><a href="#summary">back to summary</a></p>
<h3 id="m142">cinema.testcases.admin.ShowTimeTest#updateShowTimePage</h3><table class="result"><tr><th>Exception</th></tr><tr><td><div class="stacktrace">org.testng.TestNGException: 
Parameter &apos;browserType&apos; is required by BeforeClass on method initializeTestBaseSetup but has not been marked @Optional or defined

	at java.base/java.util.ArrayList.forEach(ArrayList.java:1597)
... Removed 30 stack frames</div></td></tr></table><p class="totop"><a href="#summary">back to summary</a></p>
<h3 id="m143">cinema.testcases.admin.TicketPriceTest#LogInTest</h3><table class="result"><tr><th>Exception</th></tr><tr><td><div class="stacktrace">org.testng.TestNGException: 
Parameter &apos;browserType&apos; is required by BeforeClass on method initializeTestBaseSetup but has not been marked @Optional or defined

	at java.base/java.util.ArrayList.forEach(ArrayList.java:1597)
... Removed 30 stack frames</div></td></tr></table><p class="totop"><a href="#summary">back to summary</a></p>
<h3 id="m144">cinema.testcases.admin.TicketPriceTest#addBlackTicketPricePage</h3><table class="result"><tr><th>Exception</th></tr><tr><td><div class="stacktrace">org.testng.TestNGException: 
Parameter &apos;browserType&apos; is required by BeforeClass on method initializeTestBaseSetup but has not been marked @Optional or defined

	at java.base/java.util.ArrayList.forEach(ArrayList.java:1597)
... Removed 30 stack frames</div></td></tr></table><p class="totop"><a href="#summary">back to summary</a></p>
<h3 id="m145">cinema.testcases.admin.TicketPriceTest#addTicketPriceInvalidPage</h3><table class="result"><tr><th>Exception</th></tr><tr><td><div class="stacktrace">org.testng.TestNGException: 
Parameter &apos;browserType&apos; is required by BeforeClass on method initializeTestBaseSetup but has not been marked @Optional or defined

	at java.base/java.util.ArrayList.forEach(ArrayList.java:1597)
... Removed 30 stack frames</div></td></tr></table><p class="totop"><a href="#summary">back to summary</a></p>
<h3 id="m146">cinema.testcases.admin.TicketPriceTest#addTicketPricePage</h3><table class="result"><tr><th>Exception</th></tr><tr><td><div class="stacktrace">org.testng.TestNGException: 
Parameter &apos;browserType&apos; is required by BeforeClass on method initializeTestBaseSetup but has not been marked @Optional or defined

	at java.base/java.util.ArrayList.forEach(ArrayList.java:1597)
... Removed 30 stack frames</div></td></tr></table><p class="totop"><a href="#summary">back to summary</a></p>
<h3 id="m147">cinema.testcases.admin.TicketPriceTest#deleteTicketPricePage</h3><table class="result"><tr><th>Exception</th></tr><tr><td><div class="stacktrace">org.testng.TestNGException: 
Parameter &apos;browserType&apos; is required by BeforeClass on method initializeTestBaseSetup but has not been marked @Optional or defined

	at java.base/java.util.ArrayList.forEach(ArrayList.java:1597)
... Removed 30 stack frames</div></td></tr></table><p class="totop"><a href="#summary">back to summary</a></p>
<h3 id="m148">cinema.testcases.admin.TicketPriceTest#openTicketPricePage</h3><table class="result"><tr><th>Exception</th></tr><tr><td><div class="stacktrace">org.testng.TestNGException: 
Parameter &apos;browserType&apos; is required by BeforeClass on method initializeTestBaseSetup but has not been marked @Optional or defined

	at java.base/java.util.ArrayList.forEach(ArrayList.java:1597)
... Removed 30 stack frames</div></td></tr></table><p class="totop"><a href="#summary">back to summary</a></p>
<h3 id="m149">cinema.testcases.admin.TicketPriceTest#sortAndSearchNameTicketPricePage</h3><table class="result"><tr><th>Exception</th></tr><tr><td><div class="stacktrace">org.testng.TestNGException: 
Parameter &apos;browserType&apos; is required by BeforeClass on method initializeTestBaseSetup but has not been marked @Optional or defined

	at java.base/java.util.ArrayList.forEach(ArrayList.java:1597)
... Removed 30 stack frames</div></td></tr></table><p class="totop"><a href="#summary">back to summary</a></p>
<h3 id="m150">cinema.testcases.admin.TicketPriceTest#updateTicketPricePage</h3><table class="result"><tr><th>Exception</th></tr><tr><td><div class="stacktrace">org.testng.TestNGException: 
Parameter &apos;browserType&apos; is required by BeforeClass on method initializeTestBaseSetup but has not been marked @Optional or defined

	at java.base/java.util.ArrayList.forEach(ArrayList.java:1597)
... Removed 30 stack frames</div></td></tr></table><p class="totop"><a href="#summary">back to summary</a></p>
<h3 id="m151">cinema.testcases.admin.UserTest#LogInTest</h3><table class="result"><tr><th>Exception</th></tr><tr><td><div class="stacktrace">org.testng.TestNGException: 
Parameter &apos;browserType&apos; is required by BeforeClass on method initializeTestBaseSetup but has not been marked @Optional or defined

	at java.base/java.util.ArrayList.forEach(ArrayList.java:1597)
... Removed 30 stack frames</div></td></tr></table><p class="totop"><a href="#summary">back to summary</a></p>
<h3 id="m152">cinema.testcases.admin.UserTest#addInvalidUserPage</h3><table class="result"><tr><th>Exception</th></tr><tr><td><div class="stacktrace">org.testng.TestNGException: 
Parameter &apos;browserType&apos; is required by BeforeClass on method initializeTestBaseSetup but has not been marked @Optional or defined

	at java.base/java.util.ArrayList.forEach(ArrayList.java:1597)
... Removed 30 stack frames</div></td></tr></table><p class="totop"><a href="#summary">back to summary</a></p>
<h3 id="m153">cinema.testcases.admin.UserTest#addUserBlankPage</h3><table class="result"><tr><th>Exception</th></tr><tr><td><div class="stacktrace">org.testng.TestNGException: 
Parameter &apos;browserType&apos; is required by BeforeClass on method initializeTestBaseSetup but has not been marked @Optional or defined

	at java.base/java.util.ArrayList.forEach(ArrayList.java:1597)
... Removed 30 stack frames</div></td></tr></table><p class="totop"><a href="#summary">back to summary</a></p>
<h3 id="m154">cinema.testcases.admin.UserTest#addUserPage</h3><table class="result"><tr><th>Exception</th></tr><tr><td><div class="stacktrace">org.testng.TestNGException: 
Parameter &apos;browserType&apos; is required by BeforeClass on method initializeTestBaseSetup but has not been marked @Optional or defined

	at java.base/java.util.ArrayList.forEach(ArrayList.java:1597)
... Removed 30 stack frames</div></td></tr></table><p class="totop"><a href="#summary">back to summary</a></p>
<h3 id="m155">cinema.testcases.admin.UserTest#deleteUserPage</h3><table class="result"><tr><th>Exception</th></tr><tr><td><div class="stacktrace">org.testng.TestNGException: 
Parameter &apos;browserType&apos; is required by BeforeClass on method initializeTestBaseSetup but has not been marked @Optional or defined

	at java.base/java.util.ArrayList.forEach(ArrayList.java:1597)
... Removed 30 stack frames</div></td></tr></table><p class="totop"><a href="#summary">back to summary</a></p>
<h3 id="m156">cinema.testcases.admin.UserTest#openUserPage</h3><table class="result"><tr><th>Exception</th></tr><tr><td><div class="stacktrace">org.testng.TestNGException: 
Parameter &apos;browserType&apos; is required by BeforeClass on method initializeTestBaseSetup but has not been marked @Optional or defined

	at java.base/java.util.ArrayList.forEach(ArrayList.java:1597)
... Removed 30 stack frames</div></td></tr></table><p class="totop"><a href="#summary">back to summary</a></p>
<h3 id="m157">cinema.testcases.admin.UserTest#sortAndSearchNameUserPage</h3><table class="result"><tr><th>Exception</th></tr><tr><td><div class="stacktrace">org.testng.TestNGException: 
Parameter &apos;browserType&apos; is required by BeforeClass on method initializeTestBaseSetup but has not been marked @Optional or defined

	at java.base/java.util.ArrayList.forEach(ArrayList.java:1597)
... Removed 30 stack frames</div></td></tr></table><p class="totop"><a href="#summary">back to summary</a></p>
<h3 id="m158">cinema.testcases.admin.UserTest#updateUserPage</h3><table class="result"><tr><th>Exception</th></tr><tr><td><div class="stacktrace">org.testng.TestNGException: 
Parameter &apos;browserType&apos; is required by BeforeClass on method initializeTestBaseSetup but has not been marked @Optional or defined

	at java.base/java.util.ArrayList.forEach(ArrayList.java:1597)
... Removed 30 stack frames</div></td></tr></table><p class="totop"><a href="#summary">back to summary</a></p>
</body>
</html>
