<?xml version="1.0" encoding="UTF-8"?>
<!-- Generated by org.testng.reporters.JUnitReportReporter -->
<testsuite hostname="DESKTOP-P66J0QB" failures="0" tests="8" name="cinema.testcases.admin.ShowTimeTest" time="-1732347520.000" errors="1" timestamp="2024-11-23T14:38:29 ICT" skipped="7">
  <testcase classname="cinema.testcases.admin.ShowTimeTest" name="initializeTestBaseSetup" time="-1732347520.000">
    <error message="
Parameter &#039;browserType&#039; is required by BeforeClass on method initializeTestBaseSetup but has not been marked @Optional or defined
" type="org.testng.TestNGException">
      <![CDATA[org.testng.TestNGException: 
Parameter 'browserType' is required by BeforeClass on method initializeTestBaseSetup but has not been marked @Optional or defined

at org.testng.internal.Parameters.createParams(Parameters.java:264)
at org.testng.internal.Parameters.createParametersForMethod(Parameters.java:352)
at org.testng.internal.Parameters.createParameters(Parameters.java:690)
at org.testng.internal.Parameters.createConfigurationParameters(Parameters.java:163)
at org.testng.internal.invokers.ConfigInvoker.invokeConfigurations(ConfigInvoker.java:313)
at org.testng.internal.invokers.TestMethodWorker.invokeBeforeClassMethods(TestMethodWorker.java:188)
at org.testng.internal.invokers.TestMethodWorker.run(TestMethodWorker.java:128)
at java.base/java.util.ArrayList.forEach(ArrayList.java:1597)
at org.testng.TestRunner.privateRun(TestRunner.java:739)
at org.testng.TestRunner.run(TestRunner.java:614)
at org.testng.SuiteRunner.runTest(SuiteRunner.java:421)
at org.testng.SuiteRunner.runSequentially(SuiteRunner.java:413)
at org.testng.SuiteRunner.privateRun(SuiteRunner.java:373)
at org.testng.SuiteRunner.run(SuiteRunner.java:312)
at org.testng.SuiteRunnerWorker.runSuite(SuiteRunnerWorker.java:52)
at org.testng.SuiteRunnerWorker.run(SuiteRunnerWorker.java:95)
at org.testng.TestNG.runSuitesSequentially(TestNG.java:1274)
at org.testng.TestNG.runSuitesLocally(TestNG.java:1208)
at org.testng.TestNG.runSuites(TestNG.java:1112)
at org.testng.TestNG.run(TestNG.java:1079)
at org.apache.maven.surefire.testng.TestNGExecutor.run(TestNGExecutor.java:77)
at org.apache.maven.surefire.testng.TestNGDirectoryTestSuite.executeMulti(TestNGDirectoryTestSuite.java:159)
at org.apache.maven.surefire.testng.TestNGDirectoryTestSuite.execute(TestNGDirectoryTestSuite.java:99)
at org.apache.maven.surefire.testng.TestNGProvider.invoke(TestNGProvider.java:106)
at java.base/jdk.internal.reflect.DirectMethodHandleAccessor.invoke(DirectMethodHandleAccessor.java:103)
at java.base/java.lang.reflect.Method.invoke(Method.java:580)
at org.apache.maven.surefire.util.ReflectionUtils.invokeMethodWithArray(ReflectionUtils.java:189)
at org.apache.maven.surefire.booter.ProviderFactory$ProviderProxy.invoke(ProviderFactory.java:165)
at org.apache.maven.surefire.booter.ProviderFactory.invokeProvider(ProviderFactory.java:85)
at org.apache.maven.surefire.booter.ForkedBooter.runSuitesInProcess(ForkedBooter.java:115)
at org.apache.maven.surefire.booter.ForkedBooter.main(ForkedBooter.java:75)
]]>
    </error>
  </testcase> <!-- initializeTestBaseSetup -->
  <testcase classname="cinema.testcases.admin.ShowTimeTest" name="LogInTest" time="0.000">
    <skipped/>
  </testcase> <!-- LogInTest -->
  <testcase classname="cinema.testcases.admin.ShowTimeTest" name="openShowTimePage" time="0.000">
    <skipped/>
  </testcase> <!-- openShowTimePage -->
  <testcase classname="cinema.testcases.admin.ShowTimeTest" name="addShowTimePage" time="0.000">
    <skipped/>
  </testcase> <!-- addShowTimePage -->
  <testcase classname="cinema.testcases.admin.ShowTimeTest" name="searchShowTimePage" time="0.000">
    <skipped/>
  </testcase> <!-- searchShowTimePage -->
  <testcase classname="cinema.testcases.admin.ShowTimeTest" name="updateShowTimePage" time="0.000">
    <skipped/>
  </testcase> <!-- updateShowTimePage -->
  <testcase classname="cinema.testcases.admin.ShowTimeTest" name="deleteShowTimePage" time="0.000">
    <skipped/>
  </testcase> <!-- deleteShowTimePage -->
  <testcase classname="cinema.testcases.admin.ShowTimeTest" name="addBlankShowTimePage" time="0.000">
    <skipped/>
  </testcase> <!-- addBlankShowTimePage -->
</testsuite> <!-- cinema.testcases.admin.ShowTimeTest -->
